2025-05-06 10:13:13,333 - __main__ - INFO - Selected station ID: 04035995
2025-05-06 10:13:14,616 - data_processing - INFO - Download succeeded - URL: https://waterservices.usgs.gov/nwis/iv/?sites=04035995&agencyCd=USGS&parameterCd=00065&startDT=2025-04-15T10%3A13%3A14.226-04%3A00&endDT=2025-05-06T10%3A13%3A14.226-04%3A00&format=rdb
2025-05-06 10:13:14,630 - __main__ - INFO - Data downloaded and validated successfully
2025-05-06 10:13:17,509 - data_processing - INFO - Summary statistics generated successfully
2025-05-06 10:13:17,509 - __main__ - INFO - Summary statistics displayed successfully
2025-05-06 10:15:18,481 - __main__ - INFO - Selected station ID: 04032150
2025-05-06 10:15:21,595 - __main__ - INFO - Selected station ID: 04037400
2025-05-06 10:15:23,304 - __main__ - INFO - Selected station ID: 04031000
2025-05-06 10:15:25,201 - data_processing - INFO - Download succeeded - URL: https://waterservices.usgs.gov/nwis/iv/?sites=04031000&agencyCd=USGS&parameterCd=00065&startDT=2025-04-15T10%3A15%3A24.872-04%3A00&endDT=2025-05-06T10%3A15%3A24.872-04%3A00&format=rdb
2025-05-06 10:15:25,213 - __main__ - INFO - Data downloaded and validated successfully
2025-05-06 10:15:28,586 - __main__ - INFO - Data displayed successfully
2025-05-06 10:15:32,239 - __main__ - INFO - Selected station ID: 04036000
2025-05-06 10:17:35,877 - __main__ - INFO - Selected station ID: 04032150
2025-05-06 10:17:40,498 - __main__ - INFO - Selected station ID: 04037400
2025-05-06 10:17:45,435 - __main__ - INFO - Selected station ID: 04119070
2025-05-06 10:17:49,473 - data_processing - INFO - Download succeeded - URL: https://waterservices.usgs.gov/nwis/iv/?sites=04119070&agencyCd=USGS&parameterCd=00065&startDT=2025-04-15T10%3A17%3A48.921-04%3A00&endDT=2025-05-06T10%3A17%3A48.921-04%3A00&format=rdb
2025-05-06 10:17:49,486 - __main__ - INFO - Data downloaded and validated successfully
2025-05-06 10:17:58,217 - __main__ - INFO - Data displayed successfully
2025-05-06 10:18:18,310 - data_processing - INFO - Summary statistics generated successfully
2025-05-06 10:18:18,310 - __main__ - INFO - Summary statistics displayed successfully
2025-05-06 10:18:24,427 - __main__ - INFO - Selected station ID: 04035995
2025-05-06 10:18:30,121 - data_processing - INFO - Download succeeded - URL: https://waterservices.usgs.gov/nwis/iv/?sites=04035995&agencyCd=USGS&parameterCd=00065&startDT=2025-04-15T10%3A18%3A29.853-04%3A00&endDT=2025-05-06T10%3A18%3A29.853-04%3A00&format=rdb
2025-05-06 10:18:30,132 - __main__ - INFO - Data downloaded and validated successfully
2025-05-06 10:41:28,502 - __main__ - INFO - Selected station ID: 04031000
2025-05-06 10:41:33,740 - long_term_data_downloader - INFO - Successfully downloaded data for 2025-04-29 to 2025-05-06
2025-05-06 10:41:34,264 - long_term_data_downloader - INFO - Data sorting by date complete
2025-05-06 10:41:34,272 - __main__ - INFO - Data downloaded and validated successfully
2025-05-06 10:41:42,406 - __main__ - INFO - Data displayed successfully
2025-05-06 10:41:53,879 - __main__ - INFO - Selected station ID: 04035995
2025-05-06 10:41:55,412 - long_term_data_downloader - INFO - Successfully downloaded data for 2025-04-29 to 2025-05-06
2025-05-06 10:41:56,610 - long_term_data_downloader - INFO - Successfully downloaded data for 2025-04-22 to 2025-04-29
2025-05-06 10:41:57,510 - long_term_data_downloader - INFO - Successfully downloaded data for 2025-04-15 to 2025-04-22
2025-05-06 10:41:58,338 - long_term_data_downloader - INFO - Successfully downloaded data for 2025-04-08 to 2025-04-15
2025-05-06 10:41:59,173 - long_term_data_downloader - INFO - Successfully downloaded data for 2025-04-01 to 2025-04-08
2025-05-06 10:41:59,729 - long_term_data_downloader - INFO - Data sorting by date complete
2025-05-06 10:41:59,736 - __main__ - INFO - Data downloaded and validated successfully
2025-05-06 10:42:05,754 - __main__ - INFO - Data displayed successfully
2025-05-06 10:46:32,681 - __main__ - INFO - Selected station ID: 04033000
2025-05-06 10:46:39,010 - long_term_data_downloader - INFO - Successfully downloaded data for 2025-04-29 to 2025-05-06
2025-05-06 10:46:39,683 - long_term_data_downloader - INFO - Successfully downloaded data for 2025-04-22 to 2025-04-29
2025-05-06 10:46:40,352 - long_term_data_downloader - INFO - Successfully downloaded data for 2025-04-15 to 2025-04-22
2025-05-06 10:46:41,025 - long_term_data_downloader - INFO - Successfully downloaded data for 2025-04-08 to 2025-04-15
2025-05-06 10:46:41,681 - long_term_data_downloader - INFO - Successfully downloaded data for 2025-04-01 to 2025-04-08
2025-05-06 10:46:42,344 - long_term_data_downloader - INFO - Successfully downloaded data for 2025-03-25 to 2025-04-01
2025-05-06 10:46:42,997 - long_term_data_downloader - INFO - Successfully downloaded data for 2025-03-18 to 2025-03-25
2025-05-06 10:46:43,643 - long_term_data_downloader - INFO - Successfully downloaded data for 2025-03-11 to 2025-03-18
2025-05-06 10:46:44,292 - long_term_data_downloader - ERROR - HTTP error occurred for block 9: 503 Server Error:  for url: https://waterservices.usgs.gov/nwis/iv/?sites=04033000&agencyCd=USGS&parameterCd=00065&startDT=2025-03-04T10:46:38.000-04:00&endDT=2025-03-11T10:46:38.000-04:00&format=rdb
2025-05-06 10:46:44,958 - long_term_data_downloader - INFO - Successfully downloaded data for 2025-02-25 to 2025-03-04
2025-05-06 10:46:45,607 - long_term_data_downloader - INFO - Successfully downloaded data for 2025-02-18 to 2025-02-25
2025-05-06 10:46:46,261 - long_term_data_downloader - INFO - Successfully downloaded data for 2025-02-11 to 2025-02-18
2025-05-06 10:46:46,907 - long_term_data_downloader - INFO - Successfully downloaded data for 2025-02-04 to 2025-02-11
2025-05-06 10:46:47,558 - long_term_data_downloader - INFO - Successfully downloaded data for 2025-01-28 to 2025-02-04
2025-05-06 10:46:48,217 - long_term_data_downloader - INFO - Successfully downloaded data for 2025-01-21 to 2025-01-28
2025-05-06 10:46:48,879 - long_term_data_downloader - INFO - Successfully downloaded data for 2025-01-14 to 2025-01-21
2025-05-06 10:46:49,534 - long_term_data_downloader - INFO - Successfully downloaded data for 2025-01-07 to 2025-01-14
2025-05-06 10:46:50,165 - long_term_data_downloader - INFO - Data sorting by date complete
2025-05-06 10:46:50,181 - __main__ - INFO - Data downloaded and validated successfully
2025-05-06 10:47:27,133 - __main__ - INFO - Data displayed successfully
2025-05-06 10:48:16,700 - __main__ - INFO - Selected station ID: 442400084472801
2025-05-06 10:48:19,586 - long_term_data_downloader - INFO - Successfully downloaded data for 2025-04-29 to 2025-05-06
2025-05-06 10:48:20,091 - long_term_data_downloader - INFO - Data sorting by date complete
2025-05-06 10:48:20,094 - data_processing - ERROR - Loaded data is empty
2025-05-06 10:48:20,095 - __main__ - ERROR - Downloaded data is not valid
2025-05-06 10:51:44,109 - __main__ - INFO - Selected station ID: 04119070
2025-05-06 10:51:45,764 - long_term_data_downloader - INFO - Successfully downloaded data for 2025-04-29 to 2025-05-06
2025-05-06 10:51:46,427 - long_term_data_downloader - INFO - Successfully downloaded data for 2025-04-22 to 2025-04-29
2025-05-06 10:51:47,090 - long_term_data_downloader - INFO - Successfully downloaded data for 2025-04-15 to 2025-04-22
2025-05-06 10:51:47,749 - long_term_data_downloader - INFO - Successfully downloaded data for 2025-04-08 to 2025-04-15
2025-05-06 10:51:48,311 - long_term_data_downloader - INFO - Data sorting by date complete
2025-05-06 10:51:48,318 - __main__ - INFO - Data downloaded and validated successfully
2025-05-06 10:51:52,002 - __main__ - INFO - Data displayed successfully
2025-05-06 10:52:53,124 - __main__ - INFO - Selected station ID: 04119070
2025-05-06 10:52:57,723 - long_term_data_downloader - INFO - Successfully downloaded data for 2025-04-29 to 2025-05-06
2025-05-06 10:52:58,564 - long_term_data_downloader - INFO - Successfully downloaded data for 2025-04-22 to 2025-04-29
2025-05-06 10:52:59,411 - long_term_data_downloader - INFO - Successfully downloaded data for 2025-04-15 to 2025-04-22
2025-05-06 10:53:00,237 - long_term_data_downloader - INFO - Successfully downloaded data for 2025-04-08 to 2025-04-15
2025-05-06 10:53:01,050 - long_term_data_downloader - INFO - Successfully downloaded data for 2025-04-01 to 2025-04-08
2025-05-06 10:53:02,210 - long_term_data_downloader - INFO - Successfully downloaded data for 2025-03-25 to 2025-04-01
2025-05-06 10:53:02,757 - long_term_data_downloader - INFO - Data sorting by date complete
2025-05-06 10:53:02,764 - __main__ - INFO - Data downloaded and validated successfully
2025-05-06 10:53:07,852 - __main__ - INFO - Data displayed successfully
2025-05-06 10:53:48,151 - __main__ - INFO - Selected station ID: 04033000
2025-05-06 10:53:49,460 - long_term_data_downloader - INFO - Successfully downloaded data for 2025-04-29 to 2025-05-06
2025-05-06 10:53:50,349 - long_term_data_downloader - INFO - Successfully downloaded data for 2025-04-22 to 2025-04-29
2025-05-06 10:53:50,892 - long_term_data_downloader - INFO - Data sorting by date complete
2025-05-06 10:53:50,898 - __main__ - INFO - Data downloaded and validated successfully
2025-05-06 10:54:36,279 - __main__ - INFO - Selected station ID: 04036000
2025-05-06 10:54:38,577 - long_term_data_downloader - INFO - Successfully downloaded data for 2025-04-29 to 2025-05-06
2025-05-06 10:54:39,265 - long_term_data_downloader - INFO - Successfully downloaded data for 2025-04-22 to 2025-04-29
2025-05-06 10:54:39,799 - long_term_data_downloader - INFO - Data sorting by date complete
2025-05-06 10:54:39,804 - __main__ - INFO - Data downloaded and validated successfully
2025-05-06 10:54:50,963 - __main__ - INFO - Selected station ID: 04031000
2025-05-06 10:54:51,924 - long_term_data_downloader - INFO - Successfully downloaded data for 2025-04-29 to 2025-05-06
2025-05-06 10:54:52,573 - long_term_data_downloader - INFO - Successfully downloaded data for 2025-04-22 to 2025-04-29
2025-05-06 10:54:53,213 - long_term_data_downloader - INFO - Successfully downloaded data for 2025-04-15 to 2025-04-22
2025-05-06 10:54:53,869 - long_term_data_downloader - INFO - Successfully downloaded data for 2025-04-08 to 2025-04-15
2025-05-06 10:54:54,513 - long_term_data_downloader - INFO - Successfully downloaded data for 2025-04-01 to 2025-04-08
2025-05-06 10:54:55,182 - long_term_data_downloader - INFO - Successfully downloaded data for 2025-03-25 to 2025-04-01
2025-05-06 10:54:55,838 - long_term_data_downloader - INFO - Successfully downloaded data for 2025-03-18 to 2025-03-25
2025-05-06 10:54:56,393 - long_term_data_downloader - INFO - Data sorting by date complete
2025-05-06 10:54:56,403 - __main__ - INFO - Data downloaded and validated successfully
2025-05-06 10:54:59,465 - __main__ - INFO - Data displayed successfully
2025-05-06 10:57:44,150 - __main__ - INFO - Selected station ID: 04117004
2025-05-06 10:57:44,692 - __main__ - INFO - Selected station ID: 04119070
2025-05-06 10:57:51,955 - long_term_data_downloader - INFO - Successfully downloaded data for 2025-04-29 to 2025-05-06
2025-05-06 10:57:52,851 - long_term_data_downloader - INFO - Successfully downloaded data for 2025-04-22 to 2025-04-29
2025-05-06 10:57:53,372 - long_term_data_downloader - INFO - Data sorting by date complete
2025-05-06 10:57:53,377 - __main__ - INFO - Data downloaded and validated successfully
2025-05-06 10:57:58,203 - __main__ - INFO - Data displayed successfully
2025-05-06 11:00:57,544 - __main__ - INFO - Selected station ID: 04031000
2025-05-06 11:01:05,052 - long_term_data_downloader - INFO - Successfully downloaded data for 2025-04-29 to 2025-05-06
2025-05-06 11:01:05,716 - long_term_data_downloader - INFO - Successfully downloaded data for 2025-04-22 to 2025-04-29
2025-05-06 11:01:06,380 - long_term_data_downloader - INFO - Successfully downloaded data for 2025-04-15 to 2025-04-22
2025-05-06 11:01:07,049 - long_term_data_downloader - INFO - Successfully downloaded data for 2025-04-08 to 2025-04-15
2025-05-06 11:01:07,585 - long_term_data_downloader - INFO - Data sorting by date complete
2025-05-06 11:01:07,591 - __main__ - INFO - Data downloaded and validated successfully
2025-05-06 11:01:12,013 - __main__ - INFO - Data displayed successfully
2025-05-06 11:01:18,402 - __main__ - INFO - Data displayed successfully
2025-05-06 11:25:17,669 - __main__ - INFO - Selected station ID: 04031000
2025-05-06 11:25:20,770 - long_term_data_downloader - INFO - Successfully downloaded data for 2025-04-29 to 2025-05-06
2025-05-06 11:25:21,284 - long_term_data_downloader - INFO - Data sorting by date complete
2025-05-06 11:25:21,289 - __main__ - INFO - Data downloaded and validated successfully
2025-05-06 11:25:28,060 - __main__ - INFO - Data displayed successfully
2025-05-06 11:25:38,250 - __main__ - INFO - Selected station ID: 04119070
2025-05-06 11:25:40,261 - long_term_data_downloader - INFO - Successfully downloaded data for 2025-04-29 to 2025-05-06
2025-05-06 11:25:40,774 - long_term_data_downloader - INFO - Data sorting by date complete
2025-05-06 11:25:40,777 - __main__ - INFO - Data downloaded and validated successfully
2025-05-06 11:25:46,315 - long_term_data_downloader - INFO - Successfully downloaded data for 2025-04-29 to 2025-05-06
2025-05-06 11:25:46,981 - long_term_data_downloader - INFO - Successfully downloaded data for 2025-03-10 to 2025-03-17
2025-05-06 11:25:47,635 - long_term_data_downloader - INFO - Successfully downloaded data for 2025-01-19 to 2025-01-26
2025-05-06 11:25:48,162 - long_term_data_downloader - INFO - Data sorting by date complete
2025-05-06 11:25:48,167 - __main__ - INFO - Data downloaded and validated successfully
2025-05-06 11:26:16,579 - __main__ - INFO - Selected station ID: 04031000
2025-05-06 11:26:19,482 - long_term_data_downloader - INFO - Successfully downloaded data for 2025-03-17 to 2025-05-06
2025-05-06 11:26:20,053 - long_term_data_downloader - INFO - Data sorting by date complete
2025-05-06 11:26:20,063 - __main__ - INFO - Data downloaded and validated successfully
2025-05-06 11:26:22,580 - __main__ - INFO - Selected station ID: 04032150
2025-05-06 11:26:24,679 - long_term_data_downloader - INFO - Successfully downloaded data for 2025-03-17 to 2025-05-06
2025-05-06 11:26:25,450 - long_term_data_downloader - ERROR - HTTP error occurred for block 2: 503 Server Error:  for url: https://waterservices.usgs.gov/nwis/iv/?sites=04032150&agencyCd=USGS&parameterCd=00065&startDT=2025-01-26T11:26:24.000-04:00&endDT=2025-03-17T11:26:24.000-04:00&format=rdb
2025-05-06 11:26:26,694 - long_term_data_downloader - INFO - Successfully downloaded data for 2024-12-07 to 2025-01-26
2025-05-06 11:26:27,776 - long_term_data_downloader - INFO - Successfully downloaded data for 2024-10-18 to 2024-12-07
2025-05-06 11:26:28,961 - long_term_data_downloader - INFO - Successfully downloaded data for 2024-08-29 to 2024-10-18
2025-05-06 11:26:30,144 - long_term_data_downloader - INFO - Successfully downloaded data for 2024-07-10 to 2024-08-29
2025-05-06 11:26:31,182 - long_term_data_downloader - INFO - Successfully downloaded data for 2024-05-21 to 2024-07-10
2025-05-06 11:26:32,369 - long_term_data_downloader - INFO - Successfully downloaded data for 2024-04-01 to 2024-05-21
2025-05-06 11:26:33,384 - long_term_data_downloader - ERROR - HTTP error occurred for block 9: 503 Server Error: Service Unavailable for url: https://nwis.waterservices.usgs.gov/nwis/iv/?sites=04032150&agencyCd=USGS&parameterCd=00065&startDT=2024-02-11T11:26:24.000-04:00&endDT=2024-04-01T11:26:24.000-04:00&format=rdb
2025-05-06 11:26:34,486 - long_term_data_downloader - INFO - Successfully downloaded data for 2023-12-23 to 2024-02-11
2025-05-06 11:26:35,786 - long_term_data_downloader - INFO - Successfully downloaded data for 2023-11-03 to 2023-12-23
2025-05-06 11:26:36,752 - long_term_data_downloader - INFO - Data sorting by date complete
2025-05-06 11:26:36,816 - __main__ - INFO - Data downloaded and validated successfully
2025-05-06 11:28:50,686 - __main__ - INFO - Selected station ID: 04031000
2025-05-06 11:28:51,854 - long_term_data_downloader - INFO - Successfully downloaded data for 2025-04-29 to 2025-05-06
2025-05-06 11:28:52,377 - long_term_data_downloader - INFO - Data sorting by date complete
2025-05-06 11:28:52,382 - __main__ - INFO - Data downloaded and validated successfully
2025-05-06 11:28:55,174 - __main__ - INFO - Data displayed successfully
2025-05-06 11:36:04,082 - __main__ - INFO - Selected station ID: 04119070
2025-05-06 11:36:11,111 - long_term_data_downloader - INFO - Successfully downloaded data for 2025-04-29 to 2025-05-06
2025-05-06 11:36:11,802 - long_term_data_downloader - INFO - Successfully downloaded data for 2025-04-22 to 2025-04-29
2025-05-06 11:36:12,505 - long_term_data_downloader - INFO - Successfully downloaded data for 2025-04-15 to 2025-04-22
2025-05-06 11:36:13,193 - long_term_data_downloader - INFO - Successfully downloaded data for 2025-04-08 to 2025-04-15
2025-05-06 11:36:13,866 - long_term_data_downloader - INFO - Successfully downloaded data for 2025-04-01 to 2025-04-08
2025-05-06 11:36:14,533 - long_term_data_downloader - INFO - Successfully downloaded data for 2025-03-25 to 2025-04-01
2025-05-06 11:36:15,092 - long_term_data_downloader - INFO - Data sorting by date complete
2025-05-06 11:36:15,099 - __main__ - INFO - Data downloaded and validated successfully
2025-05-06 11:36:18,473 - __main__ - INFO - Data displayed successfully
2025-05-06 11:36:35,291 - long_term_data_downloader - INFO - Successfully downloaded data for 2025-04-29 to 2025-05-06
2025-05-06 11:36:35,969 - long_term_data_downloader - INFO - Successfully downloaded data for 2025-04-22 to 2025-04-29
2025-05-06 11:36:36,643 - long_term_data_downloader - INFO - Successfully downloaded data for 2025-04-15 to 2025-04-22
2025-05-06 11:36:37,319 - long_term_data_downloader - INFO - Successfully downloaded data for 2025-04-08 to 2025-04-15
2025-05-06 11:36:38,003 - long_term_data_downloader - INFO - Successfully downloaded data for 2025-04-01 to 2025-04-08
2025-05-06 11:36:38,682 - long_term_data_downloader - INFO - Successfully downloaded data for 2025-03-25 to 2025-04-01
2025-05-06 11:36:39,229 - long_term_data_downloader - INFO - Data sorting by date complete
2025-05-06 11:36:39,237 - __main__ - INFO - Data downloaded and validated successfully
2025-05-06 11:36:43,294 - __main__ - INFO - Data displayed successfully
2025-05-06 11:36:55,932 - data_processing - INFO - Summary statistics generated successfully
2025-05-06 11:36:55,933 - __main__ - INFO - Summary statistics displayed successfully
2025-05-06 11:46:02,302 - __main__ - INFO - Selected station ID: 04031000
2025-05-06 11:46:03,852 - long_term_data_downloader - INFO - Successfully downloaded data for 2025-04-29 to 2025-05-06
2025-05-06 11:46:04,720 - long_term_data_downloader - INFO - Successfully downloaded data for 2025-04-22 to 2025-04-29
2025-05-06 11:46:05,572 - long_term_data_downloader - INFO - Successfully downloaded data for 2025-04-15 to 2025-04-22
2025-05-06 11:46:06,445 - long_term_data_downloader - INFO - Successfully downloaded data for 2025-04-08 to 2025-04-15
2025-05-06 11:46:07,317 - long_term_data_downloader - INFO - Successfully downloaded data for 2025-04-01 to 2025-04-08
2025-05-06 11:46:08,154 - long_term_data_downloader - INFO - Successfully downloaded data for 2025-03-25 to 2025-04-01
2025-05-06 11:46:08,985 - long_term_data_downloader - INFO - Successfully downloaded data for 2025-03-18 to 2025-03-25
2025-05-06 11:46:09,837 - long_term_data_downloader - INFO - Successfully downloaded data for 2025-03-11 to 2025-03-18
2025-05-06 11:46:10,694 - long_term_data_downloader - ERROR - Failed to download data for 2025-03-04 to 2025-03-11: HTTP error - 503 Server Error:  for url: https://waterservices.usgs.gov/nwis/iv/?sites=04031000&agencyCd=USGS&parameterCd=00065&startDT=2025-03-04T11:46:03.000-04:00&endDT=2025-03-11T11:46:03.000-04:00&format=rdb
2025-05-06 11:46:11,527 - long_term_data_downloader - INFO - Successfully downloaded data for 2025-02-25 to 2025-03-04
2025-05-06 11:46:12,096 - long_term_data_downloader - INFO - Data sorting by date complete
2025-05-06 11:46:22,666 - __main__ - INFO - Data downloaded and validated successfully
2025-05-06 11:47:34,583 - long_term_data_downloader - INFO - Successfully downloaded data for 2025-04-29 to 2025-05-06
2025-05-06 11:47:35,263 - long_term_data_downloader - INFO - Successfully downloaded data for 2025-04-22 to 2025-04-29
2025-05-06 11:47:35,934 - long_term_data_downloader - INFO - Successfully downloaded data for 2025-04-15 to 2025-04-22
2025-05-06 11:47:36,613 - long_term_data_downloader - INFO - Successfully downloaded data for 2025-04-08 to 2025-04-15
2025-05-06 11:47:37,145 - long_term_data_downloader - INFO - Data sorting by date complete
2025-05-06 11:47:37,152 - __main__ - INFO - Data downloaded and validated successfully
2025-05-06 11:51:41,155 - __main__ - INFO - Selected station ID: 04031000
2025-05-06 11:51:42,423 - long_term_data_downloader - INFO - Successfully downloaded data for 2025-04-29 to 2025-05-06
2025-05-06 11:51:43,311 - long_term_data_downloader - INFO - Successfully downloaded data for 2025-04-22 to 2025-04-29
2025-05-06 11:51:44,152 - long_term_data_downloader - INFO - Successfully downloaded data for 2025-04-15 to 2025-04-22
2025-05-06 11:51:45,007 - long_term_data_downloader - INFO - Successfully downloaded data for 2025-04-08 to 2025-04-15
2025-05-06 11:51:45,995 - long_term_data_downloader - INFO - Successfully downloaded data for 2025-04-01 to 2025-04-08
2025-05-06 11:51:46,830 - long_term_data_downloader - INFO - Successfully downloaded data for 2025-03-25 to 2025-04-01
2025-05-06 11:51:47,685 - long_term_data_downloader - INFO - Successfully downloaded data for 2025-03-18 to 2025-03-25
2025-05-06 11:51:48,554 - long_term_data_downloader - INFO - Successfully downloaded data for 2025-03-11 to 2025-03-18
2025-05-06 11:51:49,358 - long_term_data_downloader - ERROR - Failed to download data for 2025-03-04 to 2025-03-11: HTTP error - 503 Server Error:  for url: https://waterservices.usgs.gov/nwis/iv/?sites=04031000&agencyCd=USGS&parameterCd=00065&startDT=2025-03-04T11:51:41.000-04:00&endDT=2025-03-11T11:51:41.000-04:00&format=rdb
2025-05-06 11:51:50,115 - long_term_data_downloader - INFO - Successfully downloaded data for 2025-02-25 to 2025-03-04
2025-05-06 11:51:50,684 - long_term_data_downloader - INFO - Data sorting by date complete
2025-05-06 11:51:56,908 - __main__ - INFO - Data downloaded and validated successfully
2025-05-06 11:52:02,376 - long_term_data_downloader - INFO - Successfully downloaded data for 2025-04-29 to 2025-05-06
2025-05-06 11:52:03,026 - long_term_data_downloader - INFO - Successfully downloaded data for 2025-04-22 to 2025-04-29
2025-05-06 11:52:03,682 - long_term_data_downloader - INFO - Successfully downloaded data for 2025-04-15 to 2025-04-22
2025-05-06 11:52:04,334 - long_term_data_downloader - INFO - Successfully downloaded data for 2025-04-08 to 2025-04-15
2025-05-06 11:52:04,978 - long_term_data_downloader - INFO - Successfully downloaded data for 2025-04-01 to 2025-04-08
2025-05-06 11:52:05,639 - long_term_data_downloader - INFO - Successfully downloaded data for 2025-03-25 to 2025-04-01
2025-05-06 11:52:06,305 - long_term_data_downloader - INFO - Successfully downloaded data for 2025-03-18 to 2025-03-25
2025-05-06 11:52:06,974 - long_term_data_downloader - INFO - Successfully downloaded data for 2025-03-11 to 2025-03-18
2025-05-06 11:52:07,626 - long_term_data_downloader - ERROR - Failed to download data for 2025-03-04 to 2025-03-11: HTTP error - 503 Server Error:  for url: https://waterservices.usgs.gov/nwis/iv/?sites=04031000&agencyCd=USGS&parameterCd=00065&startDT=2025-03-04T11:52:01.000-04:00&endDT=2025-03-11T11:52:01.000-04:00&format=rdb
2025-05-06 11:52:08,286 - long_term_data_downloader - INFO - Successfully downloaded data for 2025-02-25 to 2025-03-04
2025-05-06 11:52:08,940 - long_term_data_downloader - INFO - Successfully downloaded data for 2025-02-18 to 2025-02-25
2025-05-06 11:52:09,592 - long_term_data_downloader - INFO - Successfully downloaded data for 2025-02-11 to 2025-02-18
2025-05-06 11:52:10,244 - long_term_data_downloader - INFO - Successfully downloaded data for 2025-02-04 to 2025-02-11
2025-05-06 11:52:10,907 - long_term_data_downloader - INFO - Successfully downloaded data for 2025-01-28 to 2025-02-04
2025-05-06 11:52:11,561 - long_term_data_downloader - INFO - Successfully downloaded data for 2025-01-21 to 2025-01-28
2025-05-06 11:52:12,216 - long_term_data_downloader - INFO - Successfully downloaded data for 2025-01-14 to 2025-01-21
2025-05-06 11:52:12,856 - long_term_data_downloader - INFO - Successfully downloaded data for 2025-01-07 to 2025-01-14
2025-05-06 11:52:13,810 - long_term_data_downloader - INFO - Successfully downloaded data for 2024-12-31 to 2025-01-07
2025-05-06 11:52:14,638 - long_term_data_downloader - INFO - Successfully downloaded data for 2024-12-24 to 2024-12-31
2025-05-06 11:52:15,445 - long_term_data_downloader - INFO - Successfully downloaded data for 2024-12-17 to 2024-12-24
2025-05-06 11:52:16,247 - long_term_data_downloader - INFO - Successfully downloaded data for 2024-12-10 to 2024-12-17
2025-05-06 11:52:17,063 - long_term_data_downloader - INFO - Successfully downloaded data for 2024-12-03 to 2024-12-10
2025-05-06 11:52:17,873 - long_term_data_downloader - INFO - Successfully downloaded data for 2024-11-26 to 2024-12-03
2025-05-06 11:52:18,679 - long_term_data_downloader - INFO - Successfully downloaded data for 2024-11-19 to 2024-11-26
2025-05-06 11:52:19,488 - long_term_data_downloader - INFO - Successfully downloaded data for 2024-11-12 to 2024-11-19
2025-05-06 11:52:20,345 - long_term_data_downloader - INFO - Successfully downloaded data for 2024-11-05 to 2024-11-12
2025-05-06 11:52:21,157 - long_term_data_downloader - INFO - Successfully downloaded data for 2024-10-29 to 2024-11-05
2025-05-06 11:52:21,998 - long_term_data_downloader - INFO - Successfully downloaded data for 2024-10-22 to 2024-10-29
2025-05-06 11:52:22,693 - long_term_data_downloader - INFO - Data sorting by date complete
2025-05-06 11:52:35,668 - __main__ - INFO - Data downloaded and validated successfully
2025-05-06 11:53:09,754 - __main__ - INFO - Selected station ID: 04031000
2025-05-06 11:53:13,304 - long_term_data_downloader - INFO - Successfully downloaded data for time range 2025-04-29 to 2025-05-06
2025-05-06 11:53:13,964 - long_term_data_downloader - INFO - Successfully downloaded data for time range 2025-04-22 to 2025-04-29
2025-05-06 11:53:14,631 - long_term_data_downloader - INFO - Successfully downloaded data for time range 2025-04-15 to 2025-04-22
2025-05-06 11:53:15,303 - long_term_data_downloader - INFO - Successfully downloaded data for time range 2025-04-08 to 2025-04-15
2025-05-06 11:53:15,941 - long_term_data_downloader - INFO - Successfully downloaded data for time range 2025-04-01 to 2025-04-08
2025-05-06 11:53:16,587 - long_term_data_downloader - INFO - Successfully downloaded data for time range 2025-03-25 to 2025-04-01
2025-05-06 11:53:17,247 - long_term_data_downloader - INFO - Successfully downloaded data for time range 2025-03-18 to 2025-03-25
2025-05-06 11:53:17,894 - long_term_data_downloader - INFO - Successfully downloaded data for time range 2025-03-11 to 2025-03-18
2025-05-06 11:53:18,533 - long_term_data_downloader - ERROR - HTTP error occurred for time range 2025-03-04 to 2025-03-11: 503 Server Error:  for url: https://waterservices.usgs.gov/nwis/iv/?sites=04031000&agencyCd=USGS&parameterCd=00065&startDT=2025-03-04T11:53:13.000-04:00&endDT=2025-03-11T11:53:13.000-04:00&format=rdb
2025-05-06 11:53:19,172 - long_term_data_downloader - INFO - Successfully downloaded data for time range 2025-02-25 to 2025-03-04
2025-05-06 11:53:19,743 - long_term_data_downloader - INFO - Data sorting by date complete
2025-05-06 11:53:24,744 - __main__ - INFO - Data downloaded and validated successfully
2025-05-06 11:53:30,586 - long_term_data_downloader - INFO - Successfully downloaded data for time range 2025-04-29 to 2025-05-06
2025-05-06 11:53:31,261 - long_term_data_downloader - INFO - Successfully downloaded data for time range 2025-04-22 to 2025-04-29
2025-05-06 11:53:31,781 - long_term_data_downloader - INFO - Data sorting by date complete
2025-05-06 11:53:31,785 - __main__ - INFO - Data downloaded and validated successfully
2025-05-06 12:06:44,070 - __main__ - INFO - Selected station ID: 04031000
2025-05-06 12:06:49,533 - long_term_data_downloader - INFO - Successfully downloaded data for time range 2025-04-29 12:06:49 to 2025-05-06 12:06:49
2025-05-06 12:06:50,213 - long_term_data_downloader - INFO - Successfully downloaded data for time range 2025-04-22 12:06:49 to 2025-04-29 12:06:49
2025-05-06 12:06:50,882 - long_term_data_downloader - INFO - Successfully downloaded data for time range 2025-04-15 12:06:49 to 2025-04-22 12:06:49
2025-05-06 12:06:51,554 - long_term_data_downloader - INFO - Successfully downloaded data for time range 2025-04-08 12:06:49 to 2025-04-15 12:06:49
2025-05-06 12:06:52,205 - long_term_data_downloader - INFO - Successfully downloaded data for time range 2025-04-01 12:06:49 to 2025-04-08 12:06:49
2025-05-06 12:06:52,853 - long_term_data_downloader - INFO - Successfully downloaded data for time range 2025-03-25 12:06:49 to 2025-04-01 12:06:49
2025-05-06 12:06:53,486 - long_term_data_downloader - INFO - Successfully downloaded data for time range 2025-03-18 12:06:49 to 2025-03-25 12:06:49
2025-05-06 12:06:54,135 - long_term_data_downloader - INFO - Successfully downloaded data for time range 2025-03-11 12:06:49 to 2025-03-18 12:06:49
2025-05-06 12:06:54,780 - long_term_data_downloader - ERROR - HTTP error occurred for time range 2025-03-04 12:06:49 to 2025-03-11 12:06:49: 503 Server Error:  for url: https://waterservices.usgs.gov/nwis/iv/?sites=04031000&agencyCd=USGS&parameterCd=00065&startDT=2025-03-04T12:06:49.000-04:00&endDT=2025-03-11T12:06:49.000-04:00&format=rdb
2025-05-06 12:06:55,431 - long_term_data_downloader - INFO - Successfully downloaded data for time range 2025-02-25 12:06:49 to 2025-03-04 12:06:49
2025-05-06 12:06:55,998 - long_term_data_downloader - INFO - Data sorting by date complete
2025-05-06 12:07:08,929 - __main__ - INFO - Data downloaded and validated successfully
2025-05-06 12:08:55,349 - __main__ - INFO - Selected station ID: 04031000
2025-05-06 12:08:56,418 - __main__ - INFO - Selected station ID: 04036000
2025-05-06 12:08:58,703 - __main__ - ERROR - Error occurred while downloading data: download_data() got multiple values for argument 'parent'
2025-05-06 12:09:43,150 - __main__ - INFO - Selected station ID: 04031000
2025-05-06 12:09:46,754 - long_term_data_downloader - INFO - Successfully downloaded data for time range 2025-04-29 12:09 to 2025-05-06 12:09
2025-05-06 12:09:47,446 - long_term_data_downloader - INFO - Successfully downloaded data for time range 2025-04-22 12:09 to 2025-04-29 12:09
2025-05-06 12:09:48,156 - long_term_data_downloader - INFO - Successfully downloaded data for time range 2025-04-15 12:09 to 2025-04-22 12:09
2025-05-06 12:09:48,852 - long_term_data_downloader - INFO - Successfully downloaded data for time range 2025-04-08 12:09 to 2025-04-15 12:09
2025-05-06 12:09:49,540 - long_term_data_downloader - INFO - Successfully downloaded data for time range 2025-04-01 12:09 to 2025-04-08 12:09
2025-05-06 12:09:50,205 - long_term_data_downloader - INFO - Successfully downloaded data for time range 2025-03-25 12:09 to 2025-04-01 12:09
2025-05-06 12:09:50,888 - long_term_data_downloader - INFO - Successfully downloaded data for time range 2025-03-18 12:09 to 2025-03-25 12:09
2025-05-06 12:09:51,556 - long_term_data_downloader - INFO - Successfully downloaded data for time range 2025-03-11 12:09 to 2025-03-18 12:09
2025-05-06 12:09:52,222 - long_term_data_downloader - ERROR - HTTP error occurred for time range 2025-03-04 12:09 to 2025-03-11 12:09: 503 Server Error:  for url: https://waterservices.usgs.gov/nwis/iv/?sites=04031000&agencyCd=USGS&parameterCd=00065&startDT=2025-03-04T12:09:46.000-04:00&endDT=2025-03-11T12:09:46.000-04:00&format=rdb
2025-05-06 12:09:52,901 - long_term_data_downloader - INFO - Successfully downloaded data for time range 2025-02-25 12:09 to 2025-03-04 12:09
2025-05-06 12:09:53,469 - long_term_data_downloader - INFO - Data sorting by date complete
2025-05-06 12:09:57,512 - __main__ - INFO - Data downloaded and validated successfully
2025-05-06 12:13:32,744 - __main__ - INFO - Selected station ID: 04032150
2025-05-06 12:13:35,837 - long_term_data_downloader - INFO - Successfully downloaded data for 2025-04-29 to 2025-05-06
2025-05-06 12:13:36,532 - long_term_data_downloader - INFO - Successfully downloaded data for 2025-04-22 to 2025-04-29
2025-05-06 12:13:37,224 - long_term_data_downloader - INFO - Successfully downloaded data for 2025-04-15 to 2025-04-22
2025-05-06 12:13:37,965 - long_term_data_downloader - INFO - Successfully downloaded data for 2025-04-08 to 2025-04-15
2025-05-06 12:13:38,636 - long_term_data_downloader - INFO - Successfully downloaded data for 2025-04-01 to 2025-04-08
2025-05-06 12:13:39,339 - long_term_data_downloader - INFO - Successfully downloaded data for 2025-03-25 to 2025-04-01
2025-05-06 12:13:39,887 - long_term_data_downloader - INFO - Data sorting by date complete
2025-05-06 12:13:39,895 - __main__ - INFO - Data downloaded and validated successfully
2025-05-06 12:13:42,181 - __main__ - INFO - Data displayed successfully
2025-05-06 12:13:50,010 - long_term_data_downloader - INFO - Successfully downloaded data for 2025-04-29 to 2025-05-06
2025-05-06 12:13:50,681 - long_term_data_downloader - INFO - Successfully downloaded data for 2025-04-22 to 2025-04-29
2025-05-06 12:13:51,398 - long_term_data_downloader - INFO - Successfully downloaded data for 2025-04-15 to 2025-04-22
2025-05-06 12:13:52,055 - long_term_data_downloader - INFO - Successfully downloaded data for 2025-04-08 to 2025-04-15
2025-05-06 12:13:52,724 - long_term_data_downloader - INFO - Successfully downloaded data for 2025-04-01 to 2025-04-08
2025-05-06 12:13:53,399 - long_term_data_downloader - INFO - Successfully downloaded data for 2025-03-25 to 2025-04-01
2025-05-06 12:13:54,101 - long_term_data_downloader - INFO - Successfully downloaded data for 2025-03-18 to 2025-03-25
2025-05-06 12:13:54,781 - long_term_data_downloader - INFO - Successfully downloaded data for 2025-03-11 to 2025-03-18
2025-05-06 12:13:55,457 - long_term_data_downloader - ERROR - HTTP error occurred for block 9: 503 Server Error:  for url: https://waterservices.usgs.gov/nwis/iv/?sites=04032150&agencyCd=USGS&parameterCd=00065&startDT=2025-03-04T12:13:49.000-04:00&endDT=2025-03-11T12:13:49.000-04:00&format=rdb
2025-05-06 12:13:56,020 - long_term_data_downloader - INFO - Data sorting by date complete
2025-05-06 12:13:56,030 - __main__ - INFO - Data downloaded and validated successfully
2025-05-06 12:25:34,340 - __main__ - INFO - Selected station ID: 04032150
2025-05-06 12:25:39,325 - long_term_data_downloader - INFO - Successfully downloaded data for 2025-04-29 to 2025-05-06
2025-05-06 12:25:40,014 - long_term_data_downloader - INFO - Successfully downloaded data for 2025-04-22 to 2025-04-29
2025-05-06 12:25:40,707 - long_term_data_downloader - INFO - Successfully downloaded data for 2025-04-15 to 2025-04-22
2025-05-06 12:25:41,399 - long_term_data_downloader - INFO - Successfully downloaded data for 2025-04-08 to 2025-04-15
2025-05-06 12:25:42,083 - long_term_data_downloader - INFO - Successfully downloaded data for 2025-04-01 to 2025-04-08
2025-05-06 12:25:42,755 - long_term_data_downloader - INFO - Successfully downloaded data for 2025-03-25 to 2025-04-01
2025-05-06 12:25:43,428 - long_term_data_downloader - INFO - Successfully downloaded data for 2025-03-18 to 2025-03-25
2025-05-06 12:25:44,108 - long_term_data_downloader - INFO - Successfully downloaded data for 2025-03-11 to 2025-03-18
2025-05-06 12:25:44,787 - long_term_data_downloader - ERROR - HTTP error occurred for block 9: 503 Server Error:  for url: https://waterservices.usgs.gov/nwis/iv/?sites=04032150&agencyCd=USGS&parameterCd=00065&startDT=2025-03-04T12:25:38.000-04:00&endDT=2025-03-11T12:25:38.000-04:00&format=rdb
2025-05-06 12:25:45,470 - long_term_data_downloader - INFO - Successfully downloaded data for 2025-02-25 to 2025-03-04
2025-05-06 12:25:46,039 - long_term_data_downloader - INFO - Data sorting by date complete
2025-05-06 12:25:46,052 - __main__ - INFO - Data downloaded and validated successfully
2025-05-06 12:25:48,793 - __main__ - INFO - Data displayed successfully
2025-05-06 12:27:52,184 - __main__ - INFO - Selected station ID: 04032150
2025-05-06 12:27:53,510 - long_term_data_downloader - INFO - Successfully downloaded data for 2025-04-29 to 2025-05-06
2025-05-06 12:27:54,352 - long_term_data_downloader - INFO - Successfully downloaded data for 2025-04-22 to 2025-04-29
2025-05-06 12:27:55,250 - long_term_data_downloader - INFO - Successfully downloaded data for 2025-04-15 to 2025-04-22
2025-05-06 12:27:56,149 - long_term_data_downloader - INFO - Successfully downloaded data for 2025-04-08 to 2025-04-15
2025-05-06 12:27:57,050 - long_term_data_downloader - INFO - Successfully downloaded data for 2025-04-01 to 2025-04-08
2025-05-06 12:27:57,902 - long_term_data_downloader - INFO - Successfully downloaded data for 2025-03-25 to 2025-04-01
2025-05-06 12:27:58,778 - long_term_data_downloader - INFO - Successfully downloaded data for 2025-03-18 to 2025-03-25
2025-05-06 12:27:59,599 - long_term_data_downloader - INFO - Successfully downloaded data for 2025-03-11 to 2025-03-18
2025-05-06 12:28:00,411 - long_term_data_downloader - ERROR - HTTP error occurred for block 9: 503 Server Error:  for url: https://waterservices.usgs.gov/nwis/iv/?sites=04032150&agencyCd=USGS&parameterCd=00065&startDT=2025-03-04T12:27:53.000-04:00&endDT=2025-03-11T12:27:53.000-04:00&format=rdb
2025-05-06 12:28:01,261 - long_term_data_downloader - INFO - Successfully downloaded data for 2025-02-25 to 2025-03-04
2025-05-06 12:28:02,136 - long_term_data_downloader - INFO - Successfully downloaded data for 2025-02-18 to 2025-02-25
2025-05-06 12:28:03,018 - long_term_data_downloader - INFO - Successfully downloaded data for 2025-02-11 to 2025-02-18
2025-05-06 12:28:03,881 - long_term_data_downloader - INFO - Successfully downloaded data for 2025-02-04 to 2025-02-11
2025-05-06 12:28:04,760 - long_term_data_downloader - INFO - Successfully downloaded data for 2025-01-28 to 2025-02-04
2025-05-06 12:28:05,643 - long_term_data_downloader - INFO - Successfully downloaded data for 2025-01-21 to 2025-01-28
2025-05-06 12:28:06,496 - long_term_data_downloader - INFO - Successfully downloaded data for 2025-01-14 to 2025-01-21
2025-05-06 12:28:07,359 - long_term_data_downloader - INFO - Successfully downloaded data for 2025-01-07 to 2025-01-14
2025-05-06 12:28:08,421 - long_term_data_downloader - INFO - Successfully downloaded data for 2024-12-31 to 2025-01-07
2025-05-06 12:28:09,387 - long_term_data_downloader - INFO - Successfully downloaded data for 2024-12-24 to 2024-12-31
2025-05-06 12:28:10,361 - long_term_data_downloader - INFO - Successfully downloaded data for 2024-12-17 to 2024-12-24
2025-05-06 12:28:11,351 - long_term_data_downloader - INFO - Successfully downloaded data for 2024-12-10 to 2024-12-17
2025-05-06 12:28:11,994 - long_term_data_downloader - INFO - Data sorting by date complete
2025-05-06 12:28:12,014 - __main__ - INFO - Data downloaded and validated successfully
2025-05-06 12:28:55,674 - __main__ - INFO - Selected station ID: 04031000
2025-05-06 12:28:57,154 - long_term_data_downloader - INFO - Successfully downloaded data for 2025-04-29 to 2025-05-06
2025-05-06 12:28:57,664 - long_term_data_downloader - INFO - Data sorting by date complete
2025-05-06 12:28:57,668 - __main__ - INFO - Data downloaded and validated successfully
2025-05-06 12:28:59,413 - __main__ - INFO - Data displayed successfully
2025-05-06 12:29:04,127 - long_term_data_downloader - INFO - Successfully downloaded data for 2025-04-29 to 2025-05-06
2025-05-06 12:29:04,785 - long_term_data_downloader - INFO - Successfully downloaded data for 2025-04-22 to 2025-04-29
2025-05-06 12:29:05,458 - long_term_data_downloader - INFO - Successfully downloaded data for 2025-04-15 to 2025-04-22
2025-05-06 12:29:06,114 - long_term_data_downloader - INFO - Successfully downloaded data for 2025-04-08 to 2025-04-15
2025-05-06 12:29:06,803 - long_term_data_downloader - INFO - Successfully downloaded data for 2025-04-01 to 2025-04-08
2025-05-06 12:29:07,444 - long_term_data_downloader - INFO - Successfully downloaded data for 2025-03-25 to 2025-04-01
2025-05-06 12:29:08,071 - long_term_data_downloader - INFO - Successfully downloaded data for 2025-03-18 to 2025-03-25
2025-05-06 12:29:08,716 - long_term_data_downloader - INFO - Successfully downloaded data for 2025-03-11 to 2025-03-18
2025-05-06 12:29:09,277 - long_term_data_downloader - INFO - Data sorting by date complete
2025-05-06 12:29:09,287 - __main__ - INFO - Data downloaded and validated successfully
2025-05-06 12:29:11,594 - __main__ - INFO - Data displayed successfully
