2025-04-11 11:04:05,738 - data_processing - INFO - Download succeeded - URL: https://waterservices.usgs.gov/nwis/iv/?sites=04119070&agencyCd=USGS&parameterCd=00065&startDT=2025-03-21T11%3A04%3A05.463-04%3A00&endDT=2025-04-11T11%3A04%3A05.463-04%3A00&format=rdb
2025-04-11 11:04:05,995 - __main__ - INFO - Data processed successfully
2025-04-11 11:04:15,991 - data_processing - INFO - Download succeeded - URL: https://waterservices.usgs.gov/nwis/iv/?sites=04119070&agencyCd=USGS&parameterCd=00065&startDT=2025-03-21T11%3A04%3A15.784-04%3A00&endDT=2025-04-11T11%3A04%3A15.784-04%3A00&format=rdb
2025-04-11 11:04:16,155 - __main__ - INFO - Data processed successfully
2025-04-11 11:04:24,015 - data_processing - INFO - Download succeeded - URL: https://waterservices.usgs.gov/nwis/iv/?sites=04119070&agencyCd=USGS&parameterCd=00065&startDT=2025-04-06T11%3A04%3A23.859-04%3A00&endDT=2025-04-11T11%3A04%3A23.859-04%3A00&format=rdb
2025-04-11 11:04:24,152 - __main__ - INFO - Data processed successfully
2025-04-11 11:10:24,193 - data_processing - INFO - Download succeeded - URL: https://waterservices.usgs.gov/nwis/iv/?sites=442400084472801&agencyCd=USGS&parameterCd=00065&startDT=2025-03-21T11%3A10%3A23.952-04%3A00&endDT=2025-04-11T11%3A10%3A23.952-04%3A00&format=rdb
2025-04-11 11:10:24,212 - data_visualization - ERROR - Required columns missing from data file
2025-04-11 11:10:24,213 - data_visualization - ERROR - Error processing data: Required columns missing from data file.
2025-04-11 11:10:24,215 - __main__ - ERROR - Error occurred while processing data
2025-04-14 09:44:16,743 - __main__ - ERROR - No station selected
2025-04-14 09:44:41,644 - __main__ - INFO - Selected station ID: 4119000
2025-04-14 09:44:43,448 - data_processing - ERROR - Download failed - URL: https://waterservices.usgs.gov/nwis/iv/?sites=4119000&agencyCd=USGS&parameterCd=00065&startDT=2025-03-24T09%3A44%3A42.939-04%3A00&endDT=2025-04-14T09%3A44%3A42.939-04%3A00&format=rdb - Error: HTTP Error 400: <!DOCTYPE html PUBLIC "-//W3C//DTD XHTML 1.0 Strict//EN" "http://www.w3.org/TR/xhtml1/DTD/xhtml1-strict.dtd"><html xmlns="http://www.w3.org/1999/xhtml"><head><title>Error report</title><style type="text/css"><!--H1 {font-family:Tahoma,Arial,sans-serif;color:white;background-color:#525D76;font-size:22px;} H2 {font-family:Tahoma,Arial,sans-serif;color:white;background-color:#525D76;font-size:16px;} H3 {font-family:Tahoma,Arial,sans-serif;color:white;background-color:#525D76;font-size:14px;} BODY {font-family:Tahoma,Arial,sans-serif;color:black;background-color:white;} B {font-family:Tahoma,Arial,sans-serif;color:white;background-color:#525D76;} P {font-family:Tahoma,Arial,sans-serif;background:white;color:black;font-size:12px;}A {color : black;}HR {color : #525D76;}--></style> </head><body><h1>HTTP Status 400 - Site number length must be no less than 8 numeric digits at argument 0, server=[caas01]</h1><hr/><p><b>type</b> Status report</p><p><b>message</b>Site number length must be no less than 8 numeric digits at argument 0, server=[caas01]</p><p><b>description</b>The request sent by the client was syntactically incorrect.</p><hr/><h3>Error Report</h3></body></html>
2025-04-14 09:44:43,448 - __main__ - ERROR - Error occurred while processing data: HTTP Error 400: <!DOCTYPE html PUBLIC "-//W3C//DTD XHTML 1.0 Strict//EN" "http://www.w3.org/TR/xhtml1/DTD/xhtml1-strict.dtd"><html xmlns="http://www.w3.org/1999/xhtml"><head><title>Error report</title><style type="text/css"><!--H1 {font-family:Tahoma,Arial,sans-serif;color:white;background-color:#525D76;font-size:22px;} H2 {font-family:Tahoma,Arial,sans-serif;color:white;background-color:#525D76;font-size:16px;} H3 {font-family:Tahoma,Arial,sans-serif;color:white;background-color:#525D76;font-size:14px;} BODY {font-family:Tahoma,Arial,sans-serif;color:black;background-color:white;} B {font-family:Tahoma,Arial,sans-serif;color:white;background-color:#525D76;} P {font-family:Tahoma,Arial,sans-serif;background:white;color:black;font-size:12px;}A {color : black;}HR {color : #525D76;}--></style> </head><body><h1>HTTP Status 400 - Site number length must be no less than 8 numeric digits at argument 0, server=[caas01]</h1><hr/><p><b>type</b> Status report</p><p><b>message</b>Site number length must be no less than 8 numeric digits at argument 0, server=[caas01]</p><p><b>description</b>The request sent by the client was syntactically incorrect.</p><hr/><h3>Error Report</h3></body></html>
2025-04-14 09:45:52,104 - __main__ - INFO - Selected station ID: 4111000
2025-04-14 09:45:53,268 - data_processing - ERROR - Download failed - URL: https://waterservices.usgs.gov/nwis/iv/?sites=4111000&agencyCd=USGS&parameterCd=00065&startDT=2025-03-24T09%3A45%3A52.966-04%3A00&endDT=2025-04-14T09%3A45%3A52.966-04%3A00&format=rdb - Error: HTTP Error 400: <!DOCTYPE html PUBLIC "-//W3C//DTD XHTML 1.0 Strict//EN" "http://www.w3.org/TR/xhtml1/DTD/xhtml1-strict.dtd"><html xmlns="http://www.w3.org/1999/xhtml"><head><title>Error report</title><style type="text/css"><!--H1 {font-family:Tahoma,Arial,sans-serif;color:white;background-color:#525D76;font-size:22px;} H2 {font-family:Tahoma,Arial,sans-serif;color:white;background-color:#525D76;font-size:16px;} H3 {font-family:Tahoma,Arial,sans-serif;color:white;background-color:#525D76;font-size:14px;} BODY {font-family:Tahoma,Arial,sans-serif;color:black;background-color:white;} B {font-family:Tahoma,Arial,sans-serif;color:white;background-color:#525D76;} P {font-family:Tahoma,Arial,sans-serif;background:white;color:black;font-size:12px;}A {color : black;}HR {color : #525D76;}--></style> </head><body><h1>HTTP Status 400 - Site number length must be no less than 8 numeric digits at argument 0, server=[caas01]</h1><hr/><p><b>type</b> Status report</p><p><b>message</b>Site number length must be no less than 8 numeric digits at argument 0, server=[caas01]</p><p><b>description</b>The request sent by the client was syntactically incorrect.</p><hr/><h3>Error Report</h3></body></html>
2025-04-14 09:45:53,269 - __main__ - ERROR - Error occurred while processing data: HTTP Error 400: <!DOCTYPE html PUBLIC "-//W3C//DTD XHTML 1.0 Strict//EN" "http://www.w3.org/TR/xhtml1/DTD/xhtml1-strict.dtd"><html xmlns="http://www.w3.org/1999/xhtml"><head><title>Error report</title><style type="text/css"><!--H1 {font-family:Tahoma,Arial,sans-serif;color:white;background-color:#525D76;font-size:22px;} H2 {font-family:Tahoma,Arial,sans-serif;color:white;background-color:#525D76;font-size:16px;} H3 {font-family:Tahoma,Arial,sans-serif;color:white;background-color:#525D76;font-size:14px;} BODY {font-family:Tahoma,Arial,sans-serif;color:black;background-color:white;} B {font-family:Tahoma,Arial,sans-serif;color:white;background-color:#525D76;} P {font-family:Tahoma,Arial,sans-serif;background:white;color:black;font-size:12px;}A {color : black;}HR {color : #525D76;}--></style> </head><body><h1>HTTP Status 400 - Site number length must be no less than 8 numeric digits at argument 0, server=[caas01]</h1><hr/><p><b>type</b> Status report</p><p><b>message</b>Site number length must be no less than 8 numeric digits at argument 0, server=[caas01]</p><p><b>description</b>The request sent by the client was syntactically incorrect.</p><hr/><h3>Error Report</h3></body></html>
2025-04-14 09:54:32,462 - __main__ - INFO - Selected station ID: 4122500
2025-04-14 09:55:59,823 - data_processing - ERROR - Download failed - URL: https://waterservices.usgs.gov/nwis/iv/?sites=4113000&agencyCd=USGS&parameterCd=00065&startDT=2025-03-24T09%3A55%3A59.525-04%3A00&endDT=2025-04-14T09%3A55%3A59.525-04%3A00&format=rdb - Error: HTTP Error 400: <!DOCTYPE html PUBLIC "-//W3C//DTD XHTML 1.0 Strict//EN" "http://www.w3.org/TR/xhtml1/DTD/xhtml1-strict.dtd"><html xmlns="http://www.w3.org/1999/xhtml"><head><title>Error report</title><style type="text/css"><!--H1 {font-family:Tahoma,Arial,sans-serif;color:white;background-color:#525D76;font-size:22px;} H2 {font-family:Tahoma,Arial,sans-serif;color:white;background-color:#525D76;font-size:16px;} H3 {font-family:Tahoma,Arial,sans-serif;color:white;background-color:#525D76;font-size:14px;} BODY {font-family:Tahoma,Arial,sans-serif;color:black;background-color:white;} B {font-family:Tahoma,Arial,sans-serif;color:white;background-color:#525D76;} P {font-family:Tahoma,Arial,sans-serif;background:white;color:black;font-size:12px;}A {color : black;}HR {color : #525D76;}--></style> </head><body><h1>HTTP Status 400 - Site number length must be no less than 8 numeric digits at argument 0, server=[sdas01]</h1><hr/><p><b>type</b> Status report</p><p><b>message</b>Site number length must be no less than 8 numeric digits at argument 0, server=[sdas01]</p><p><b>description</b>The request sent by the client was syntactically incorrect.</p><hr/><h3>Error Report</h3></body></html>
2025-04-14 09:55:59,823 - __main__ - ERROR - Error occurred while processing data: HTTP Error 400: <!DOCTYPE html PUBLIC "-//W3C//DTD XHTML 1.0 Strict//EN" "http://www.w3.org/TR/xhtml1/DTD/xhtml1-strict.dtd"><html xmlns="http://www.w3.org/1999/xhtml"><head><title>Error report</title><style type="text/css"><!--H1 {font-family:Tahoma,Arial,sans-serif;color:white;background-color:#525D76;font-size:22px;} H2 {font-family:Tahoma,Arial,sans-serif;color:white;background-color:#525D76;font-size:16px;} H3 {font-family:Tahoma,Arial,sans-serif;color:white;background-color:#525D76;font-size:14px;} BODY {font-family:Tahoma,Arial,sans-serif;color:black;background-color:white;} B {font-family:Tahoma,Arial,sans-serif;color:white;background-color:#525D76;} P {font-family:Tahoma,Arial,sans-serif;background:white;color:black;font-size:12px;}A {color : black;}HR {color : #525D76;}--></style> </head><body><h1>HTTP Status 400 - Site number length must be no less than 8 numeric digits at argument 0, server=[sdas01]</h1><hr/><p><b>type</b> Status report</p><p><b>message</b>Site number length must be no less than 8 numeric digits at argument 0, server=[sdas01]</p><p><b>description</b>The request sent by the client was syntactically incorrect.</p><hr/><h3>Error Report</h3></body></html>
2025-04-14 09:59:32,150 - data_processing - ERROR - Download failed - URL: https://waterservices.usgs.gov/nwis/iv/?sites=4037500&agencyCd=USGS&parameterCd=00065&startDT=2025-03-24T09%3A59%3A31.912-04%3A00&endDT=2025-04-14T09%3A59%3A31.912-04%3A00&format=rdb - Error: HTTP Error 400: <!DOCTYPE html PUBLIC "-//W3C//DTD XHTML 1.0 Strict//EN" "http://www.w3.org/TR/xhtml1/DTD/xhtml1-strict.dtd"><html xmlns="http://www.w3.org/1999/xhtml"><head><title>Error report</title><style type="text/css"><!--H1 {font-family:Tahoma,Arial,sans-serif;color:white;background-color:#525D76;font-size:22px;} H2 {font-family:Tahoma,Arial,sans-serif;color:white;background-color:#525D76;font-size:16px;} H3 {font-family:Tahoma,Arial,sans-serif;color:white;background-color:#525D76;font-size:14px;} BODY {font-family:Tahoma,Arial,sans-serif;color:black;background-color:white;} B {font-family:Tahoma,Arial,sans-serif;color:white;background-color:#525D76;} P {font-family:Tahoma,Arial,sans-serif;background:white;color:black;font-size:12px;}A {color : black;}HR {color : #525D76;}--></style> </head><body><h1>HTTP Status 400 - Site number length must be no less than 8 numeric digits at argument 0, server=[sdas01]</h1><hr/><p><b>type</b> Status report</p><p><b>message</b>Site number length must be no less than 8 numeric digits at argument 0, server=[sdas01]</p><p><b>description</b>The request sent by the client was syntactically incorrect.</p><hr/><h3>Error Report</h3></body></html>
2025-04-14 09:59:32,151 - __main__ - ERROR - Error occurred while processing data: HTTP Error 400: <!DOCTYPE html PUBLIC "-//W3C//DTD XHTML 1.0 Strict//EN" "http://www.w3.org/TR/xhtml1/DTD/xhtml1-strict.dtd"><html xmlns="http://www.w3.org/1999/xhtml"><head><title>Error report</title><style type="text/css"><!--H1 {font-family:Tahoma,Arial,sans-serif;color:white;background-color:#525D76;font-size:22px;} H2 {font-family:Tahoma,Arial,sans-serif;color:white;background-color:#525D76;font-size:16px;} H3 {font-family:Tahoma,Arial,sans-serif;color:white;background-color:#525D76;font-size:14px;} BODY {font-family:Tahoma,Arial,sans-serif;color:black;background-color:white;} B {font-family:Tahoma,Arial,sans-serif;color:white;background-color:#525D76;} P {font-family:Tahoma,Arial,sans-serif;background:white;color:black;font-size:12px;}A {color : black;}HR {color : #525D76;}--></style> </head><body><h1>HTTP Status 400 - Site number length must be no less than 8 numeric digits at argument 0, server=[sdas01]</h1><hr/><p><b>type</b> Status report</p><p><b>message</b>Site number length must be no less than 8 numeric digits at argument 0, server=[sdas01]</p><p><b>description</b>The request sent by the client was syntactically incorrect.</p><hr/><h3>Error Report</h3></body></html>
2025-04-14 09:59:34,986 - data_processing - ERROR - Download failed - URL: https://waterservices.usgs.gov/nwis/iv/?sites=4032150&agencyCd=USGS&parameterCd=00065&startDT=2025-03-24T09%3A59%3A34.869-04%3A00&endDT=2025-04-14T09%3A59%3A34.869-04%3A00&format=rdb - Error: HTTP Error 400: <!DOCTYPE html PUBLIC "-//W3C//DTD XHTML 1.0 Strict//EN" "http://www.w3.org/TR/xhtml1/DTD/xhtml1-strict.dtd"><html xmlns="http://www.w3.org/1999/xhtml"><head><title>Error report</title><style type="text/css"><!--H1 {font-family:Tahoma,Arial,sans-serif;color:white;background-color:#525D76;font-size:22px;} H2 {font-family:Tahoma,Arial,sans-serif;color:white;background-color:#525D76;font-size:16px;} H3 {font-family:Tahoma,Arial,sans-serif;color:white;background-color:#525D76;font-size:14px;} BODY {font-family:Tahoma,Arial,sans-serif;color:black;background-color:white;} B {font-family:Tahoma,Arial,sans-serif;color:white;background-color:#525D76;} P {font-family:Tahoma,Arial,sans-serif;background:white;color:black;font-size:12px;}A {color : black;}HR {color : #525D76;}--></style> </head><body><h1>HTTP Status 400 - Site number length must be no less than 8 numeric digits at argument 0, server=[sdas01]</h1><hr/><p><b>type</b> Status report</p><p><b>message</b>Site number length must be no less than 8 numeric digits at argument 0, server=[sdas01]</p><p><b>description</b>The request sent by the client was syntactically incorrect.</p><hr/><h3>Error Report</h3></body></html>
2025-04-14 09:59:34,986 - __main__ - ERROR - Error occurred while processing data: HTTP Error 400: <!DOCTYPE html PUBLIC "-//W3C//DTD XHTML 1.0 Strict//EN" "http://www.w3.org/TR/xhtml1/DTD/xhtml1-strict.dtd"><html xmlns="http://www.w3.org/1999/xhtml"><head><title>Error report</title><style type="text/css"><!--H1 {font-family:Tahoma,Arial,sans-serif;color:white;background-color:#525D76;font-size:22px;} H2 {font-family:Tahoma,Arial,sans-serif;color:white;background-color:#525D76;font-size:16px;} H3 {font-family:Tahoma,Arial,sans-serif;color:white;background-color:#525D76;font-size:14px;} BODY {font-family:Tahoma,Arial,sans-serif;color:black;background-color:white;} B {font-family:Tahoma,Arial,sans-serif;color:white;background-color:#525D76;} P {font-family:Tahoma,Arial,sans-serif;background:white;color:black;font-size:12px;}A {color : black;}HR {color : #525D76;}--></style> </head><body><h1>HTTP Status 400 - Site number length must be no less than 8 numeric digits at argument 0, server=[sdas01]</h1><hr/><p><b>type</b> Status report</p><p><b>message</b>Site number length must be no less than 8 numeric digits at argument 0, server=[sdas01]</p><p><b>description</b>The request sent by the client was syntactically incorrect.</p><hr/><h3>Error Report</h3></body></html>
2025-04-14 09:59:41,934 - data_processing - ERROR - Download failed - URL: https://waterservices.usgs.gov/nwis/iv/?sites=4118564&agencyCd=USGS&parameterCd=00065&startDT=2025-03-24T09%3A59%3A41.822-04%3A00&endDT=2025-04-14T09%3A59%3A41.822-04%3A00&format=rdb - Error: HTTP Error 400: <!DOCTYPE html PUBLIC "-//W3C//DTD XHTML 1.0 Strict//EN" "http://www.w3.org/TR/xhtml1/DTD/xhtml1-strict.dtd"><html xmlns="http://www.w3.org/1999/xhtml"><head><title>Error report</title><style type="text/css"><!--H1 {font-family:Tahoma,Arial,sans-serif;color:white;background-color:#525D76;font-size:22px;} H2 {font-family:Tahoma,Arial,sans-serif;color:white;background-color:#525D76;font-size:16px;} H3 {font-family:Tahoma,Arial,sans-serif;color:white;background-color:#525D76;font-size:14px;} BODY {font-family:Tahoma,Arial,sans-serif;color:black;background-color:white;} B {font-family:Tahoma,Arial,sans-serif;color:white;background-color:#525D76;} P {font-family:Tahoma,Arial,sans-serif;background:white;color:black;font-size:12px;}A {color : black;}HR {color : #525D76;}--></style> </head><body><h1>HTTP Status 400 - Site number length must be no less than 8 numeric digits at argument 0, server=[sdas01]</h1><hr/><p><b>type</b> Status report</p><p><b>message</b>Site number length must be no less than 8 numeric digits at argument 0, server=[sdas01]</p><p><b>description</b>The request sent by the client was syntactically incorrect.</p><hr/><h3>Error Report</h3></body></html>
2025-04-14 09:59:41,935 - __main__ - ERROR - Error occurred while processing data: HTTP Error 400: <!DOCTYPE html PUBLIC "-//W3C//DTD XHTML 1.0 Strict//EN" "http://www.w3.org/TR/xhtml1/DTD/xhtml1-strict.dtd"><html xmlns="http://www.w3.org/1999/xhtml"><head><title>Error report</title><style type="text/css"><!--H1 {font-family:Tahoma,Arial,sans-serif;color:white;background-color:#525D76;font-size:22px;} H2 {font-family:Tahoma,Arial,sans-serif;color:white;background-color:#525D76;font-size:16px;} H3 {font-family:Tahoma,Arial,sans-serif;color:white;background-color:#525D76;font-size:14px;} BODY {font-family:Tahoma,Arial,sans-serif;color:black;background-color:white;} B {font-family:Tahoma,Arial,sans-serif;color:white;background-color:#525D76;} P {font-family:Tahoma,Arial,sans-serif;background:white;color:black;font-size:12px;}A {color : black;}HR {color : #525D76;}--></style> </head><body><h1>HTTP Status 400 - Site number length must be no less than 8 numeric digits at argument 0, server=[sdas01]</h1><hr/><p><b>type</b> Status report</p><p><b>message</b>Site number length must be no less than 8 numeric digits at argument 0, server=[sdas01]</p><p><b>description</b>The request sent by the client was syntactically incorrect.</p><hr/><h3>Error Report</h3></body></html>
2025-04-14 10:17:04,300 - __main__ - INFO - Selected station ID: 04119000
2025-04-14 10:17:05,827 - data_processing - INFO - Download succeeded - URL: https://waterservices.usgs.gov/nwis/iv/?sites=04119000&agencyCd=USGS&parameterCd=00065&startDT=2025-03-24T10%3A17%3A05.544-04%3A00&endDT=2025-04-14T10%3A17%3A05.544-04%3A00&format=rdb
2025-04-14 10:17:06,120 - __main__ - INFO - Data processed successfully
2025-04-14 10:17:18,979 - __main__ - INFO - Selected station ID: 04119160
2025-04-14 10:17:20,064 - data_processing - INFO - Download succeeded - URL: https://waterservices.usgs.gov/nwis/iv/?sites=04119160&agencyCd=USGS&parameterCd=00065&startDT=2025-04-01T10%3A17%3A19.887-04%3A00&endDT=2025-04-14T10%3A17%3A19.887-04%3A00&format=rdb
2025-04-14 10:17:20,175 - __main__ - INFO - Data processed successfully
2025-04-14 10:17:30,459 - __main__ - INFO - Selected station ID: 04122500
2025-04-14 10:17:31,812 - data_processing - INFO - Download succeeded - URL: https://waterservices.usgs.gov/nwis/iv/?sites=04122500&agencyCd=USGS&parameterCd=00065&startDT=2025-04-01T10%3A17%3A31.630-04%3A00&endDT=2025-04-14T10%3A17%3A31.630-04%3A00&format=rdb
2025-04-14 10:17:31,931 - __main__ - INFO - Data processed successfully
2025-04-14 10:17:39,751 - data_processing - INFO - Download succeeded - URL: https://waterservices.usgs.gov/nwis/iv/?sites=04122500&agencyCd=USGS&parameterCd=00065&startDT=2025-03-24T10%3A17%3A39.569-04%3A00&endDT=2025-04-14T10%3A17%3A39.569-04%3A00&format=rdb
2025-04-14 10:17:39,914 - __main__ - INFO - Data processed successfully
2025-04-14 10:21:18,599 - __main__ - INFO - Selected station ID: 04119055
2025-04-14 10:21:32,539 - __main__ - INFO - Selected station ID: 04121500
2025-04-14 10:21:37,817 - data_processing - INFO - Download succeeded - URL: https://waterservices.usgs.gov/nwis/iv/?sites=04121500&agencyCd=USGS&parameterCd=00065&startDT=2025-03-24T10%3A21%3A37.376-04%3A00&endDT=2025-04-14T10%3A21%3A37.376-04%3A00&format=rdb
2025-04-14 10:21:37,992 - __main__ - INFO - Data processed successfully
2025-04-14 10:25:29,754 - __main__ - INFO - Selected station ID: 04119070
2025-04-14 10:25:34,649 - data_processing - INFO - Download succeeded - URL: https://waterservices.usgs.gov/nwis/iv/?sites=04119070&agencyCd=USGS&parameterCd=00065&startDT=2025-03-24T10%3A25%3A34.350-04%3A00&endDT=2025-04-14T10%3A25%3A34.350-04%3A00&format=rdb
2025-04-14 10:25:34,896 - __main__ - INFO - Data processed successfully
2025-04-14 10:25:43,975 - __main__ - INFO - Selected station ID: 04111000
2025-04-14 10:25:45,425 - data_processing - INFO - Download succeeded - URL: https://waterservices.usgs.gov/nwis/iv/?sites=04111000&agencyCd=USGS&parameterCd=00065&startDT=2025-03-24T10%3A25%3A45.240-04%3A00&endDT=2025-04-14T10%3A25%3A45.240-04%3A00&format=rdb
2025-04-14 10:25:45,553 - __main__ - INFO - Data processed successfully
2025-04-14 10:47:15,107 - __main__ - INFO - Selected station ID: 04032150
2025-04-14 10:47:16,170 - data_processing - INFO - Download succeeded - URL: https://waterservices.usgs.gov/nwis/iv/?sites=04032150&agencyCd=USGS&parameterCd=00065&startDT=2025-03-27T10%3A47%3A15.860-04%3A00&endDT=2025-04-14T10%3A47%3A15.860-04%3A00&format=rdb
2025-04-14 10:47:16,343 - __main__ - INFO - Data processed successfully
2025-04-14 10:51:10,154 - __main__ - ERROR - No station selected
2025-04-14 10:54:54,805 - __main__ - ERROR - No station selected
2025-04-14 10:54:58,764 - __main__ - INFO - Selected station ID: 04037400
2025-04-14 10:55:01,628 - data_processing - INFO - Download succeeded - URL: https://waterservices.usgs.gov/nwis/iv/?sites=04037400&agencyCd=USGS&parameterCd=00065&startDT=2025-03-24T10%3A55%3A01.309-04%3A00&endDT=2025-04-14T10%3A55%3A01.309-04%3A00&format=rdb
2025-04-14 10:55:01,797 - __main__ - INFO - Data processed successfully
2025-04-14 11:04:31,695 - __main__ - ERROR - No station selected
2025-04-14 11:04:32,742 - __main__ - INFO - Selected station ID: 04031000
2025-04-14 11:04:34,299 - data_processing - INFO - Download succeeded - URL: https://waterservices.usgs.gov/nwis/iv/?sites=04031000&agencyCd=USGS&parameterCd=00065&startDT=2025-03-24T11%3A04%3A33.930-04%3A00&endDT=2025-04-14T11%3A04%3A33.930-04%3A00&format=rdb
2025-04-14 11:04:34,472 - __main__ - INFO - Data processed successfully
2025-04-14 11:08:56,854 - __main__ - ERROR - No station selected
2025-04-14 11:09:02,996 - __main__ - ERROR - No station selected
2025-04-14 11:09:04,524 - __main__ - INFO - Selected station ID: 04037400
2025-04-14 11:09:06,467 - data_processing - INFO - Download succeeded - URL: https://waterservices.usgs.gov/nwis/iv/?sites=04037400&agencyCd=USGS&parameterCd=00065&startDT=2025-04-04T11%3A09%3A06.116-04%3A00&endDT=2025-04-14T11%3A09%3A06.116-04%3A00&format=rdb
2025-04-14 11:09:06,614 - __main__ - INFO - Data processed successfully
2025-04-14 11:09:10,480 - __main__ - INFO - Selected station ID: 04041500
2025-04-14 11:09:11,500 - data_processing - INFO - Download succeeded - URL: https://waterservices.usgs.gov/nwis/iv/?sites=04041500&agencyCd=USGS&parameterCd=00065&startDT=2025-04-04T11%3A09%3A11.312-04%3A00&endDT=2025-04-14T11%3A09%3A11.312-04%3A00&format=rdb
2025-04-14 11:09:11,599 - __main__ - INFO - Data processed successfully
2025-04-14 11:09:19,238 - __main__ - INFO - Selected station ID: 04058100
2025-04-14 11:09:22,461 - __main__ - INFO - Selected station ID: 04108660
2025-04-14 11:09:23,812 - data_processing - INFO - Download succeeded - URL: https://waterservices.usgs.gov/nwis/iv/?sites=04108660&agencyCd=USGS&parameterCd=00065&startDT=2025-04-04T11%3A09%3A23.635-04%3A00&endDT=2025-04-14T11%3A09%3A23.635-04%3A00&format=rdb
2025-04-14 11:09:23,911 - __main__ - INFO - Data processed successfully
2025-04-14 11:20:33,907 - __main__ - ERROR - No station selected
2025-04-14 11:20:39,512 - __main__ - INFO - Selected station ID: 04031000
2025-04-14 11:20:41,255 - data_processing - INFO - Download succeeded - URL: https://waterservices.usgs.gov/nwis/iv/?sites=04031000&agencyCd=USGS&parameterCd=00065&startDT=2025-04-04T11%3A20%3A40.965-04%3A00&endDT=2025-04-14T11%3A20%3A40.965-04%3A00&format=rdb
2025-04-14 11:20:41,428 - __main__ - INFO - Data processed successfully
2025-04-14 11:24:20,637 - __main__ - ERROR - No station selected
2025-04-14 11:24:25,947 - __main__ - INFO - Selected station ID: 04109000
2025-04-14 11:24:32,079 - data_processing - INFO - Download succeeded - URL: https://waterservices.usgs.gov/nwis/iv/?sites=04109000&agencyCd=USGS&parameterCd=00065&startDT=2025-04-04T11%3A24%3A31.810-04%3A00&endDT=2025-04-14T11%3A24%3A31.810-04%3A00&format=rdb
2025-04-14 11:24:32,235 - __main__ - INFO - Data processed successfully
2025-04-14 11:33:44,237 - __main__ - ERROR - No station selected
2025-04-14 11:33:45,262 - __main__ - INFO - Selected station ID: 04122500
2025-04-14 11:33:46,946 - data_processing - INFO - Download succeeded - URL: https://waterservices.usgs.gov/nwis/iv/?sites=04122500&agencyCd=USGS&parameterCd=00065&startDT=2025-03-24T11%3A33%3A46.613-04%3A00&endDT=2025-04-14T11%3A33%3A46.613-04%3A00&format=rdb
2025-04-14 11:33:47,119 - __main__ - INFO - Data processed successfully
2025-04-14 11:34:03,803 - __main__ - INFO - Selected station ID: 04121500
2025-04-14 11:34:08,727 - data_processing - INFO - Download succeeded - URL: https://waterservices.usgs.gov/nwis/iv/?sites=04121500&agencyCd=USGS&parameterCd=00065&startDT=2025-03-24T11%3A34%3A08.555-04%3A00&endDT=2025-04-14T11%3A34%3A08.555-04%3A00&format=rdb
2025-04-14 11:34:08,845 - __main__ - INFO - Data processed successfully
2025-04-14 14:18:45,786 - __main__ - INFO - Selected station ID: 442805084411001
2025-04-14 14:18:51,862 - __main__ - INFO - Selected station ID: 445512084415301
2025-04-14 14:18:52,538 - __main__ - INFO - Selected station ID: 442400084472801
2025-04-14 14:19:09,192 - data_processing - INFO - Download succeeded - URL: https://waterservices.usgs.gov/nwis/iv/?sites=442400084472801&agencyCd=USGS&parameterCd=00065&startDT=2025-03-24T14%3A19%3A08.934-04%3A00&endDT=2025-04-14T14%3A19%3A08.934-04%3A00&format=rdb
2025-04-14 14:19:09,205 - data_visualization - ERROR - Required columns missing from data file
2025-04-14 14:19:09,205 - data_visualization - ERROR - Error processing data: Required columns missing from data file.
2025-04-14 14:19:09,205 - __main__ - ERROR - Error occurred while processing data: Error processing data: Required columns missing from data file.
2025-04-14 14:19:32,759 - data_processing - INFO - Download succeeded - URL: https://waterservices.usgs.gov/nwis/iv/?sites=442400084472801&agencyCd=USGS&parameterCd=00065&startDT=2025-04-09T14%3A19%3A32.623-04%3A00&endDT=2025-04-14T14%3A19%3A32.623-04%3A00&format=rdb
2025-04-14 14:19:32,762 - data_visualization - ERROR - Required columns missing from data file
2025-04-14 14:19:32,762 - data_visualization - ERROR - Error processing data: Required columns missing from data file.
2025-04-14 14:19:32,762 - __main__ - ERROR - Error occurred while processing data: Error processing data: Required columns missing from data file.
2025-04-14 14:19:37,186 - __main__ - INFO - Selected station ID: 445512084415301
2025-04-14 14:19:38,713 - data_processing - INFO - Download succeeded - URL: https://waterservices.usgs.gov/nwis/iv/?sites=445512084415301&agencyCd=USGS&parameterCd=00065&startDT=2025-04-09T14%3A19%3A38.559-04%3A00&endDT=2025-04-14T14%3A19%3A38.559-04%3A00&format=rdb
2025-04-14 14:19:38,846 - __main__ - INFO - Data processed successfully
2025-04-14 14:19:50,526 - __main__ - INFO - Selected station ID: 442805084411001
2025-04-14 14:19:51,376 - data_processing - INFO - Download succeeded - URL: https://waterservices.usgs.gov/nwis/iv/?sites=442805084411001&agencyCd=USGS&parameterCd=00065&startDT=2025-04-09T14%3A19%3A51.224-04%3A00&endDT=2025-04-14T14%3A19%3A51.224-04%3A00&format=rdb
2025-04-14 14:19:51,460 - __main__ - INFO - Data processed successfully
2025-04-14 14:35:34,812 - __main__ - INFO - Selected station ID: 04114000
2025-04-14 14:35:40,366 - data_processing - INFO - Download succeeded - URL: https://waterservices.usgs.gov/nwis/iv/?sites=04114000&agencyCd=USGS&parameterCd=00065&startDT=2025-04-02T14%3A35%3A39.920-04%3A00&endDT=2025-04-14T14%3A35%3A39.920-04%3A00&format=rdb
2025-04-14 14:35:40,526 - __main__ - INFO - Data processed successfully
2025-04-14 14:36:03,612 - __main__ - INFO - Selected station ID: 04119055
2025-04-14 14:36:06,455 - data_processing - INFO - Download succeeded - URL: https://waterservices.usgs.gov/nwis/iv/?sites=04119055&agencyCd=USGS&parameterCd=00065&startDT=2025-04-02T14%3A36%3A06.129-04%3A00&endDT=2025-04-14T14%3A36%3A06.129-04%3A00&format=rdb
2025-04-14 14:36:06,567 - __main__ - INFO - Data processed successfully
2025-04-14 14:36:36,886 - __main__ - INFO - Selected station ID: 04119160
2025-04-14 14:36:38,549 - data_processing - INFO - Download succeeded - URL: https://waterservices.usgs.gov/nwis/iv/?sites=04119160&agencyCd=USGS&parameterCd=00065&startDT=2025-04-02T14%3A36%3A38.196-04%3A00&endDT=2025-04-14T14%3A36%3A38.196-04%3A00&format=rdb
2025-04-14 14:36:38,657 - __main__ - INFO - Data processed successfully
2025-04-14 14:37:07,122 - __main__ - INFO - Selected station ID: 04121944
2025-04-14 14:37:15,582 - data_processing - INFO - Download succeeded - URL: https://waterservices.usgs.gov/nwis/iv/?sites=04121944&agencyCd=USGS&parameterCd=00065&startDT=2025-04-02T14%3A37%3A15.238-04%3A00&endDT=2025-04-14T14%3A37%3A15.238-04%3A00&format=rdb
2025-04-14 14:37:15,722 - __main__ - INFO - Data processed successfully
2025-04-15 10:08:24,618 - __main__ - INFO - Selected station ID: 04046000
2025-04-15 10:08:36,148 - __main__ - INFO - Selected station ID: 04122500
2025-04-15 10:08:39,781 - data_processing - INFO - Download succeeded - URL: https://waterservices.usgs.gov/nwis/iv/?sites=04122500&agencyCd=USGS&parameterCd=00065&startDT=2025-03-25T10%3A08%3A39.390-04%3A00&endDT=2025-04-15T10%3A08%3A39.390-04%3A00&format=rdb
2025-04-15 10:08:40,063 - __main__ - INFO - Data processed successfully
2025-04-15 11:22:38,481 - __main__ - INFO - Selected station ID: 04119000
2025-04-15 11:22:39,247 - __main__ - INFO - Selected station ID: 04119070
2025-04-15 11:22:41,952 - data_processing - INFO - Download succeeded - URL: https://waterservices.usgs.gov/nwis/iv/?sites=04119070&agencyCd=USGS&parameterCd=00065&startDT=2025-03-25T11%3A22%3A41.323-04%3A00&endDT=2025-04-15T11%3A22%3A41.323-04%3A00&format=rdb
2025-04-15 11:22:42,121 - __main__ - INFO - Data processed successfully
2025-04-15 11:27:02,577 - __main__ - INFO - Selected station ID: 04119070
2025-04-15 11:27:08,086 - __main__ - INFO - Selected station ID: 04119070
2025-04-15 11:27:09,589 - data_processing - INFO - Download succeeded - URL: https://waterservices.usgs.gov/nwis/iv/?sites=04119070&agencyCd=USGS&parameterCd=00065&startDT=2025-03-25T11%3A27%3A09.048-04%3A00&endDT=2025-04-15T11%3A27%3A09.048-04%3A00&format=rdb
2025-04-15 11:27:09,763 - __main__ - INFO - Data processed successfully
2025-04-15 11:48:21,811 - __main__ - INFO - Selected station ID: 04119070
2025-04-15 11:48:24,326 - data_processing - INFO - Download succeeded - URL: https://waterservices.usgs.gov/nwis/iv/?sites=04119070&agencyCd=USGS&parameterCd=00065&startDT=2025-03-25T11%3A48%3A24.074-04%3A00&endDT=2025-04-15T11%3A48%3A24.074-04%3A00&format=rdb
2025-04-15 11:48:24,495 - __main__ - INFO - Data processed successfully
2025-04-15 12:27:20,786 - __main__ - INFO - Selected station ID: 04119070
2025-04-15 12:27:28,477 - data_processing - INFO - Download succeeded - URL: https://waterservices.usgs.gov/nwis/iv/?sites=04119070&agencyCd=USGS&parameterCd=00065&startDT=2025-03-25T12%3A27%3A27.570-04%3A00&endDT=2025-04-15T12%3A27%3A27.570-04%3A00&format=rdb
2025-04-15 12:27:28,645 - __main__ - INFO - Data processed successfully
2025-04-15 12:36:30,713 - __main__ - INFO - Selected station ID: 04119070
2025-04-15 12:36:33,272 - data_processing - INFO - Download succeeded - URL: https://waterservices.usgs.gov/nwis/iv/?sites=04119070&agencyCd=USGS&parameterCd=00065&startDT=2025-03-25T12%3A36%3A32.724-04%3A00&endDT=2025-04-15T12%3A36%3A32.724-04%3A00&format=rdb
2025-04-15 12:36:33,455 - __main__ - INFO - Data processed successfully
2025-04-15 12:37:23,116 - __main__ - INFO - Selected station ID: 04119070
2025-04-15 12:37:24,613 - data_processing - INFO - Download succeeded - URL: https://waterservices.usgs.gov/nwis/iv/?sites=04119070&agencyCd=USGS&parameterCd=00065&startDT=2025-03-25T12%3A37%3A24.241-04%3A00&endDT=2025-04-15T12%3A37%3A24.241-04%3A00&format=rdb
2025-04-15 12:37:24,703 - data_visualization - ERROR - Error processing data: unsupported operand type(s) for -: 'tuple' and 'int'
2025-04-15 12:37:24,704 - __main__ - ERROR - Error occurred while processing data: Error processing data: unsupported operand type(s) for -: 'tuple' and 'int'
2025-04-15 12:39:53,478 - __main__ - INFO - Selected station ID: 04119070
2025-04-15 12:39:55,189 - data_processing - INFO - Download succeeded - URL: https://waterservices.usgs.gov/nwis/iv/?sites=04119070&agencyCd=USGS&parameterCd=00065&startDT=2025-03-25T12%3A39%3A54.962-04%3A00&endDT=2025-04-15T12%3A39%3A54.962-04%3A00&format=rdb
2025-04-15 12:39:55,362 - __main__ - INFO - Data processed successfully
2025-04-15 12:41:58,124 - __main__ - INFO - Selected station ID: 04119070
2025-04-15 12:42:00,303 - data_processing - INFO - Download succeeded - URL: https://waterservices.usgs.gov/nwis/iv/?sites=04119070&agencyCd=USGS&parameterCd=00065&startDT=2025-03-25T12%3A41%3A59.194-04%3A00&endDT=2025-04-15T12%3A41%3A59.194-04%3A00&format=rdb
2025-04-15 12:42:00,494 - __main__ - INFO - Data processed successfully
2025-04-15 12:43:07,945 - __main__ - INFO - Selected station ID: 04119070
2025-04-15 12:43:09,569 - data_processing - INFO - Download succeeded - URL: https://waterservices.usgs.gov/nwis/iv/?sites=04119070&agencyCd=USGS&parameterCd=00065&startDT=2025-03-25T12%3A43%3A08.877-04%3A00&endDT=2025-04-15T12%3A43%3A08.877-04%3A00&format=rdb
2025-04-15 12:43:09,759 - __main__ - INFO - Data processed successfully
2025-04-15 12:43:49,102 - __main__ - INFO - Selected station ID: 04119070
2025-04-15 12:43:50,346 - data_processing - INFO - Download succeeded - URL: https://waterservices.usgs.gov/nwis/iv/?sites=04119070&agencyCd=USGS&parameterCd=00065&startDT=2025-03-25T12%3A43%3A50.084-04%3A00&endDT=2025-04-15T12%3A43%3A50.084-04%3A00&format=rdb
2025-04-15 12:43:50,463 - __main__ - INFO - Data processed successfully
2025-04-15 12:48:44,935 - __main__ - INFO - Selected station ID: 04119070
2025-04-15 12:48:47,249 - data_processing - INFO - Download succeeded - URL: https://waterservices.usgs.gov/nwis/iv/?sites=04119070&agencyCd=USGS&parameterCd=00065&startDT=2025-03-25T12%3A48%3A46.767-04%3A00&endDT=2025-04-15T12%3A48%3A46.767-04%3A00&format=rdb
2025-04-15 12:48:47,460 - __main__ - INFO - Data processed successfully
2025-04-15 12:52:00,693 - __main__ - INFO - Selected station ID: 04119070
2025-04-15 12:52:02,251 - data_processing - INFO - Download succeeded - URL: https://waterservices.usgs.gov/nwis/iv/?sites=04119070&agencyCd=USGS&parameterCd=00065&startDT=2025-03-25T12%3A52%3A01.967-04%3A00&endDT=2025-04-15T12%3A52%3A01.967-04%3A00&format=rdb
2025-04-15 12:52:02,430 - __main__ - INFO - Data processed successfully
2025-04-15 12:53:41,743 - __main__ - INFO - Selected station ID: 04119070
2025-04-15 12:53:42,806 - data_processing - INFO - Download succeeded - URL: https://waterservices.usgs.gov/nwis/iv/?sites=04119070&agencyCd=USGS&parameterCd=00065&startDT=2025-03-25T12%3A53%3A42.515-04%3A00&endDT=2025-04-15T12%3A53%3A42.515-04%3A00&format=rdb
2025-04-15 12:53:42,896 - data_visualization - ERROR - Error processing data: 'method' object does not support item assignment
2025-04-15 12:53:42,897 - __main__ - ERROR - Error occurred while processing data: Error processing data: 'method' object does not support item assignment
2025-04-15 13:02:59,636 - __main__ - INFO - Selected station ID: 04119070
2025-04-15 13:03:00,948 - data_processing - INFO - Download succeeded - URL: https://waterservices.usgs.gov/nwis/iv/?sites=04119070&agencyCd=USGS&parameterCd=00065&startDT=2025-03-25T13%3A03%3A00.633-04%3A00&endDT=2025-04-15T13%3A03%3A00.633-04%3A00&format=rdb
2025-04-15 13:03:01,122 - __main__ - INFO - Data processed successfully
2025-04-15 13:16:45,725 - __main__ - INFO - Selected station ID: 04119070
2025-04-15 13:16:47,830 - data_processing - INFO - Download succeeded - URL: https://waterservices.usgs.gov/nwis/iv/?sites=04119070&agencyCd=USGS&parameterCd=00065&startDT=2025-03-25T13%3A16%3A47.542-04%3A00&endDT=2025-04-15T13%3A16%3A47.542-04%3A00&format=rdb
2025-04-15 13:16:48,003 - __main__ - INFO - Data processed successfully
2025-04-15 13:36:11,368 - __main__ - INFO - Selected station ID: 04119070
2025-04-15 13:36:12,916 - data_processing - INFO - Download succeeded - URL: https://waterservices.usgs.gov/nwis/iv/?sites=04119070&agencyCd=USGS&parameterCd=00065&startDT=2025-03-25T13%3A36%3A12.347-04%3A00&endDT=2025-04-15T13%3A36%3A12.347-04%3A00&format=rdb
2025-04-15 13:36:13,167 - __main__ - INFO - Data processed successfully
2025-04-15 13:37:09,726 - __main__ - INFO - Selected station ID: 04119070
2025-04-15 13:37:10,761 - data_processing - INFO - Download succeeded - URL: https://waterservices.usgs.gov/nwis/iv/?sites=04119070&agencyCd=USGS&parameterCd=00065&startDT=2025-03-25T13%3A37%3A10.488-04%3A00&endDT=2025-04-15T13%3A37%3A10.488-04%3A00&format=rdb
2025-04-15 13:37:10,955 - __main__ - INFO - Data processed successfully
2025-04-15 14:17:19,386 - __main__ - INFO - Selected station ID: 04119070
2025-04-15 14:17:20,790 - data_processing - INFO - Download succeeded - URL: https://waterservices.usgs.gov/nwis/iv/?sites=04119070&agencyCd=USGS&parameterCd=00065&startDT=2025-03-25T14%3A17%3A20.481-04%3A00&endDT=2025-04-15T14%3A17%3A20.481-04%3A00&format=rdb
2025-04-15 14:17:20,964 - __main__ - INFO - Data processed successfully
2025-04-15 14:30:51,870 - __main__ - INFO - Selected station ID: 04119070
2025-04-15 14:30:55,657 - data_processing - INFO - Download succeeded - URL: https://waterservices.usgs.gov/nwis/iv/?sites=04119070&agencyCd=USGS&parameterCd=00065&startDT=2025-03-25T14%3A30%3A55.287-04%3A00&endDT=2025-04-15T14%3A30%3A55.287-04%3A00&format=rdb
2025-04-15 14:30:55,841 - __main__ - INFO - Data processed successfully
2025-04-21 10:54:20,842 - __main__ - INFO - Selected station ID: 04122500
2025-04-21 10:54:26,264 - data_processing - INFO - Download succeeded - URL: https://waterservices.usgs.gov/nwis/iv/?sites=04122500&agencyCd=USGS&parameterCd=00065&startDT=2025-04-11T10%3A54%3A25.892-04%3A00&endDT=2025-04-21T10%3A54%3A25.892-04%3A00&format=rdb
2025-04-21 10:54:26,570 - __main__ - INFO - Data processed successfully
2025-04-21 10:54:37,397 - __main__ - INFO - Selected station ID: 04119070
2025-04-21 10:54:41,736 - data_processing - INFO - Download succeeded - URL: https://waterservices.usgs.gov/nwis/iv/?sites=04119070&agencyCd=USGS&parameterCd=00065&startDT=2025-03-31T10%3A54%3A41.526-04%3A00&endDT=2025-04-21T10%3A54%3A41.526-04%3A00&format=rdb
2025-04-21 10:54:41,903 - __main__ - INFO - Data processed successfully
2025-04-21 12:56:00,979 - __main__ - INFO - Selected station ID: 04031000
2025-04-21 12:56:02,055 - data_processing - INFO - Download succeeded - URL: https://waterservices.usgs.gov/nwis/iv/?sites=04031000&agencyCd=USGS&parameterCd=00065&startDT=2025-03-31T12%3A56%3A01.731-04%3A00&endDT=2025-04-21T12%3A56%3A01.731-04%3A00&format=rdb
2025-04-21 12:56:02,269 - __main__ - INFO - Data processed successfully
2025-04-21 12:56:17,364 - __main__ - INFO - Selected station ID: 442400084472801
2025-04-21 12:56:18,643 - data_processing - INFO - Download succeeded - URL: https://waterservices.usgs.gov/nwis/iv/?sites=442400084472801&agencyCd=USGS&parameterCd=00065&startDT=2025-03-31T12%3A56%3A18.510-04%3A00&endDT=2025-04-21T12%3A56%3A18.510-04%3A00&format=rdb
2025-04-21 12:56:18,649 - data_visualization - ERROR - Required columns missing from data file
2025-04-21 12:56:18,650 - data_visualization - ERROR - Error processing data: Required columns missing from data file.
2025-04-21 12:56:18,651 - __main__ - ERROR - Error occurred while processing data: Error processing data: Required columns missing from data file.
2025-04-21 12:59:05,043 - __main__ - INFO - Selected station ID: 04033000
2025-04-21 12:59:07,527 - data_processing - INFO - Download succeeded - URL: https://waterservices.usgs.gov/nwis/iv/?sites=04033000&agencyCd=USGS&parameterCd=00065&startDT=2025-03-31T12%3A59%3A07.161-04%3A00&endDT=2025-04-21T12%3A59%3A07.161-04%3A00&format=rdb
2025-04-21 12:59:07,692 - __main__ - INFO - Data processed successfully
2025-04-21 12:59:31,247 - data_processing - INFO - Download succeeded - URL: https://waterservices.usgs.gov/nwis/iv/?sites=04033000&agencyCd=USGS&parameterCd=00065&startDT=2025-03-31T12%3A59%3A31.039-04%3A00&endDT=2025-04-21T12%3A59%3A31.039-04%3A00&format=rdb
2025-04-21 12:59:31,447 - __main__ - INFO - Data processed successfully
2025-04-21 13:05:13,339 - __main__ - INFO - Selected station ID: 442400084472801
2025-04-21 13:05:14,830 - data_processing - INFO - Download succeeded - URL: https://waterservices.usgs.gov/nwis/iv/?sites=442400084472801&agencyCd=USGS&parameterCd=00065&startDT=2025-03-31T13%3A05%3A14.524-04%3A00&endDT=2025-04-21T13%3A05%3A14.524-04%3A00&format=rdb
2025-04-21 13:05:14,841 - data_visualization - ERROR - Required columns missing from data file
2025-04-21 13:05:14,842 - data_visualization - ERROR - Error processing data: Required columns missing from data file.
2025-04-21 13:05:14,843 - __main__ - ERROR - Error occurred while processing data: Error processing data: Required columns missing from data file.
2025-04-21 13:06:32,702 - data_processing - INFO - Download succeeded - URL: https://waterservices.usgs.gov/nwis/iv/?sites=442400084472801&agencyCd=USGS&parameterCd=00065&startDT=2025-03-31T13%3A06%3A32.565-04%3A00&endDT=2025-04-21T13%3A06%3A32.565-04%3A00&format=rdb
2025-04-21 13:06:32,708 - data_visualization - ERROR - Required columns missing from data file
2025-04-21 13:06:32,709 - data_visualization - ERROR - Error processing data: Required columns missing from data file.
2025-04-21 13:06:32,710 - __main__ - ERROR - Error occurred while processing data: Error processing data: Required columns missing from data file.
2025-04-21 13:06:33,715 - data_processing - INFO - Download succeeded - URL: https://waterservices.usgs.gov/nwis/iv/?sites=442400084472801&agencyCd=USGS&parameterCd=00065&startDT=2025-03-31T13%3A06%3A33.575-04%3A00&endDT=2025-04-21T13%3A06%3A33.575-04%3A00&format=rdb
2025-04-21 13:06:33,721 - data_visualization - ERROR - Required columns missing from data file
2025-04-21 13:06:33,722 - data_visualization - ERROR - Error processing data: Required columns missing from data file.
2025-04-21 13:06:33,723 - __main__ - ERROR - Error occurred while processing data: Error processing data: Required columns missing from data file.
2025-04-21 13:06:34,438 - data_processing - INFO - Download succeeded - URL: https://waterservices.usgs.gov/nwis/iv/?sites=442400084472801&agencyCd=USGS&parameterCd=00065&startDT=2025-03-31T13%3A06%3A34.296-04%3A00&endDT=2025-04-21T13%3A06%3A34.296-04%3A00&format=rdb
2025-04-21 13:06:34,443 - data_visualization - ERROR - Required columns missing from data file
2025-04-21 13:06:34,444 - data_visualization - ERROR - Error processing data: Required columns missing from data file.
2025-04-21 13:06:34,445 - __main__ - ERROR - Error occurred while processing data: Error processing data: Required columns missing from data file.
2025-04-21 13:06:35,134 - data_processing - INFO - Download succeeded - URL: https://waterservices.usgs.gov/nwis/iv/?sites=442400084472801&agencyCd=USGS&parameterCd=00065&startDT=2025-03-31T13%3A06%3A34.988-04%3A00&endDT=2025-04-21T13%3A06%3A34.988-04%3A00&format=rdb
2025-04-21 13:06:35,141 - data_visualization - ERROR - Required columns missing from data file
2025-04-21 13:06:35,142 - data_visualization - ERROR - Error processing data: Required columns missing from data file.
2025-04-21 13:06:35,143 - __main__ - ERROR - Error occurred while processing data: Error processing data: Required columns missing from data file.
2025-04-21 13:06:35,891 - data_processing - INFO - Download succeeded - URL: https://waterservices.usgs.gov/nwis/iv/?sites=442400084472801&agencyCd=USGS&parameterCd=00065&startDT=2025-03-31T13%3A06%3A35.755-04%3A00&endDT=2025-04-21T13%3A06%3A35.755-04%3A00&format=rdb
2025-04-21 13:06:35,897 - data_visualization - ERROR - Required columns missing from data file
2025-04-21 13:06:35,898 - data_visualization - ERROR - Error processing data: Required columns missing from data file.
2025-04-21 13:06:35,899 - __main__ - ERROR - Error occurred while processing data: Error processing data: Required columns missing from data file.
2025-04-21 13:06:36,621 - data_processing - INFO - Download succeeded - URL: https://waterservices.usgs.gov/nwis/iv/?sites=442400084472801&agencyCd=USGS&parameterCd=00065&startDT=2025-03-31T13%3A06%3A36.485-04%3A00&endDT=2025-04-21T13%3A06%3A36.485-04%3A00&format=rdb
2025-04-21 13:06:36,627 - data_visualization - ERROR - Required columns missing from data file
2025-04-21 13:06:36,628 - data_visualization - ERROR - Error processing data: Required columns missing from data file.
2025-04-21 13:06:36,628 - __main__ - ERROR - Error occurred while processing data: Error processing data: Required columns missing from data file.
2025-04-21 13:21:37,285 - __main__ - INFO - Selected station ID: 04036000
2025-04-21 13:21:39,173 - data_processing - INFO - Download succeeded - URL: https://waterservices.usgs.gov/nwis/iv/?sites=04036000&agencyCd=USGS&parameterCd=00065&startDT=2025-03-31T13%3A21%3A38.870-04%3A00&endDT=2025-04-21T13%3A21%3A38.870-04%3A00&format=rdb
2025-04-21 13:21:39,525 - __main__ - INFO - Data processed successfully
2025-04-21 13:26:27,922 - __main__ - INFO - Selected station ID: 442400084472801
2025-04-21 13:26:29,139 - data_processing - INFO - Download succeeded - URL: https://waterservices.usgs.gov/nwis/iv/?sites=442400084472801&agencyCd=USGS&parameterCd=00065&startDT=2025-03-31T13%3A26%3A28.834-04%3A00&endDT=2025-04-21T13%3A26%3A28.834-04%3A00&format=rdb
2025-04-21 13:26:29,151 - data_visualization - ERROR - Required columns missing from data file
2025-04-21 13:26:29,151 - data_visualization - ERROR - Error processing data: Required columns missing from data file.
2025-04-21 13:26:29,152 - __main__ - ERROR - Error occurred while processing data: Error processing data: Required columns missing from data file.
2025-04-21 14:38:29,503 - __main__ - INFO - Selected station ID: 442400084472801
2025-04-21 14:38:30,857 - data_processing - INFO - Download succeeded - URL: https://waterservices.usgs.gov/nwis/iv/?sites=442400084472801&agencyCd=USGS&parameterCd=00065&startDT=2025-03-31T14%3A38%3A30.563-04%3A00&endDT=2025-04-21T14%3A38%3A30.563-04%3A00&format=rdb
2025-04-21 14:38:30,871 - data_visualization - ERROR - Required columns missing from data file
2025-04-21 14:38:30,872 - data_visualization - ERROR - Error processing data: Required columns missing from data file.
2025-04-21 14:38:30,872 - __main__ - ERROR - Error occurred while processing data: Error processing data: Required columns missing from data file.
2025-04-21 14:38:40,598 - __main__ - INFO - Selected station ID: 04119070
2025-04-21 14:38:43,295 - data_processing - INFO - Download succeeded - URL: https://waterservices.usgs.gov/nwis/iv/?sites=04119070&agencyCd=USGS&parameterCd=00065&startDT=2025-03-31T14%3A38%3A43.124-04%3A00&endDT=2025-04-21T14%3A38%3A43.124-04%3A00&format=rdb
2025-04-21 14:38:43,515 - __main__ - INFO - Data processed successfully
2025-04-22 11:29:36,336 - __main__ - INFO - Selected station ID: 442400084472801
2025-04-22 11:29:39,780 - data_processing - INFO - Download succeeded - URL: https://waterservices.usgs.gov/nwis/iv/?sites=442400084472801&agencyCd=USGS&parameterCd=00065&startDT=2025-04-01T11%3A29%3A39.255-04%3A00&endDT=2025-04-22T11%3A29%3A39.255-04%3A00&format=rdb
2025-04-22 11:29:39,791 - data_processing - ERROR - Required columns missing from data file
2025-04-22 11:29:39,792 - __main__ - ERROR - Data is not valid
2025-04-22 11:30:57,698 - __main__ - INFO - Selected station ID: 04119070
2025-04-22 11:30:58,904 - data_processing - INFO - Download succeeded - URL: https://waterservices.usgs.gov/nwis/iv/?sites=04119070&agencyCd=USGS&parameterCd=00065&startDT=2025-04-01T11%3A30%3A58.639-04%3A00&endDT=2025-04-22T11%3A30%3A58.639-04%3A00&format=rdb
2025-04-22 11:30:59,249 - __main__ - INFO - Data processed successfully
2025-04-22 11:31:14,652 - __main__ - INFO - Selected station ID: 04037500
2025-04-22 11:31:15,722 - data_processing - INFO - Download succeeded - URL: https://waterservices.usgs.gov/nwis/iv/?sites=04037500&agencyCd=USGS&parameterCd=00065&startDT=2025-04-01T11%3A31%3A15.535-04%3A00&endDT=2025-04-22T11%3A31%3A15.535-04%3A00&format=rdb
2025-04-22 11:31:15,913 - __main__ - INFO - Data processed successfully
